Watching for file changes with StatReloader
Index page accessed
"GET / HTTP/1.1" 200 12
"GET /about/ HTTP/1.1" 200 8
C:\Users\77017\PycharmProjects\django-project\myproject\myproject\settings.py changed, reloading.
Watching for file changes with StatReloader
C:\Users\77017\PycharmProjects\django-project\myproject\myapp\views.py changed, reloading.
Watching for file changes with StatReloader
C:\Users\77017\PycharmProjects\django-project\myproject\myapp\views.py changed, reloading.
Watching for file changes with StatReloader
C:\Users\77017\PycharmProjects\django-project\myproject\myapp\views.py changed, reloading.
Watching for file changes with StatReloader
Index page accessed
Internal Server Error: /
Traceback (most recent call last):
  File "C:\Users\77017\PycharmProjects\django-project\venv\lib\site-packages\django\core\handlers\exception.py", line 55, in inner
    response = get_response(request)
  File "C:\Users\77017\PycharmProjects\django-project\venv\lib\site-packages\django\utils\deprecation.py", line 136, in __call__
    response = self.process_response(request, response)
  File "C:\Users\77017\PycharmProjects\django-project\venv\lib\site-packages\django\middleware\clickjacking.py", line 27, in process_response
    if response.get("X-Frame-Options") is not None:
AttributeError: 'str' object has no attribute 'get'
"GET / HTTP/1.1" 500 65146
C:\Users\77017\PycharmProjects\django-project\myproject\myapp\views.py changed, reloading.
Watching for file changes with StatReloader
Index page accessed
"GET / HTTP/1.1" 200 113
C:\Users\77017\PycharmProjects\django-project\myproject\myapp\views.py changed, reloading.
Watching for file changes with StatReloader
Index page accessed
"GET / HTTP/1.1" 200 2888
C:\Users\77017\PycharmProjects\django-project\myproject\myapp\views.py changed, reloading.
Watching for file changes with StatReloader
Index page accessed
"GET / HTTP/1.1" 200 2555
Not Found: /docs
"GET /docs HTTP/1.1" 404 2420
About us page accessed
"GET /about/ HTTP/1.1" 200 8
C:\Users\77017\PycharmProjects\django-project\myproject\myapp\views.py changed, reloading.
Watching for file changes with StatReloader
About us page accessed
"GET /about/ HTTP/1.1" 200 2709
Index page accessed
"GET / HTTP/1.1" 200 2555
Watching for file changes with StatReloader
Index page accessed
"GET / HTTP/1.1" 200 2555
About us page accessed
"GET /about/ HTTP/1.1" 200 2709
Not Found: /docs
"GET /docs HTTP/1.1" 404 2420
About us page accessed
"GET /about/ HTTP/1.1" 200 2709
C:\Users\77017\PycharmProjects\django-project\myproject\myproject\settings.py changed, reloading.
Watching for file changes with StatReloader
Index page accessed
"GET / HTTP/1.1" 200 2555
About us page accessed
"GET /about/ HTTP/1.1" 200 2709
C:\Users\77017\PycharmProjects\django-project\myproject\myproject\settings.py changed, reloading.
INFO 2024-04-02 17:17:13,457 autoreload 22416 9652 Watching for file changes with StatReloader
INFO 2024-04-02 17:17:32,612 autoreload 22416 9652 C:\Users\77017\PycharmProjects\django-project\myproject\myproject\settings.py changed, reloading.
INFO 2024-04-02 17:17:33,160 autoreload 7660 19428 Watching for file changes with StatReloader
INFO 2024-04-02 17:17:43,784 views 7660 12520 Index page accessed
INFO 2024-04-02 17:17:43,785 basehttp 7660 12520 "GET / HTTP/1.1" 200 2555
INFO 2024-04-02 17:17:46,823 views 7660 12520 About us page accessed
INFO 2024-04-02 17:17:46,825 basehttp 7660 12520 "GET /about/ HTTP/1.1" 200 2709
INFO 2024-04-02 17:19:04,802 autoreload 7660 19428 C:\Users\77017\PycharmProjects\django-project\myproject\myapp\views.py changed, reloading.
INFO 2024-04-02 17:19:05,454 autoreload 1540 19796 Watching for file changes with StatReloader
INFO 2024-04-02 17:19:07,857 views 1540 1756 About us page accessed
INFO 2024-04-02 17:19:07,858 basehttp 1540 1756 "GET /about/ HTTP/1.1" 200 2709
INFO 2024-04-02 17:19:10,687 views 1540 1756 Index page accessed
INFO 2024-04-02 17:19:10,688 basehttp 1540 1756 "GET / HTTP/1.1" 200 2555
INFO 2024-04-02 17:25:19,734 autoreload 17044 2912 Watching for file changes with StatReloader
INFO 2024-04-02 17:27:08,435 autoreload 17044 2912 C:\Users\77017\PycharmProjects\django-project\myproject\myproject\settings.py changed, reloading.
INFO 2024-04-02 17:27:08,996 autoreload 1940 21896 Watching for file changes with StatReloader
INFO 2024-04-02 17:27:16,084 autoreload 21088 23476 Watching for file changes with StatReloader
INFO 2024-04-02 17:27:18,207 views 21088 7216 Index page accessed
INFO 2024-04-02 17:27:18,208 basehttp 21088 7216 "GET / HTTP/1.1" 200 2555
WARNING 2024-04-02 17:27:19,060 log 21088 7216 Not Found: /favicon.ico
WARNING 2024-04-02 17:27:19,060 basehttp 21088 7216 "GET /favicon.ico HTTP/1.1" 404 2445
INFO 2024-04-07 15:11:02,813 autoreload 18384 21972 Watching for file changes with StatReloader
INFO 2024-04-07 15:11:24,095 autoreload 18384 21972 C:\Users\77017\PycharmProjects\django-project\myproject\myapp\urls.py changed, reloading.
INFO 2024-04-07 15:11:24,746 autoreload 12040 6464 Watching for file changes with StatReloader
INFO 2024-04-07 15:11:29,186 views 12040 4796 Index page accessed
INFO 2024-04-07 15:11:29,189 basehttp 12040 4796 "GET / HTTP/1.1" 200 2555
WARNING 2024-04-07 15:11:29,901 log 12040 4796 Not Found: /favicon.ico
WARNING 2024-04-07 15:11:29,902 basehttp 12040 4796 "GET /favicon.ico HTTP/1.1" 404 2624
WARNING 2024-04-07 15:11:37,405 log 12040 19092 Not Found: /orders
WARNING 2024-04-07 15:11:37,406 basehttp 12040 19092 "GET /orders HTTP/1.1" 404 2609
ERROR 2024-04-07 15:11:44,721 log 12040 5412 Internal Server Error: /orders/1
Traceback (most recent call last):
  File "C:\Users\77017\PycharmProjects\django-project\venv\lib\site-packages\django\core\handlers\exception.py", line 55, in inner
    response = get_response(request)
  File "C:\Users\77017\PycharmProjects\django-project\venv\lib\site-packages\django\core\handlers\base.py", line 197, in _get_response
    response = wrapped_callback(request, *callback_args, **callback_kwargs)
TypeError: get_orders_by_client() got an unexpected keyword argument 'id'
ERROR 2024-04-07 15:11:44,724 basehttp 12040 5412 "GET /orders/1 HTTP/1.1" 500 62445
INFO 2024-04-07 15:15:07,257 autoreload 12040 6464 C:\Users\77017\PycharmProjects\django-project\myproject\myapp\urls.py changed, reloading.
INFO 2024-04-07 15:15:08,268 autoreload 16376 10392 Watching for file changes with StatReloader
ERROR 2024-04-07 15:15:09,431 log 16376 16872 Internal Server Error: /orders/1
Traceback (most recent call last):
  File "C:\Users\77017\PycharmProjects\django-project\venv\lib\site-packages\django\core\handlers\exception.py", line 55, in inner
    response = get_response(request)
  File "C:\Users\77017\PycharmProjects\django-project\venv\lib\site-packages\django\core\handlers\base.py", line 197, in _get_response
    response = wrapped_callback(request, *callback_args, **callback_kwargs)
TypeError: get_orders_by_client() got an unexpected keyword argument 'clients_id'
ERROR 2024-04-07 15:15:09,434 basehttp 16376 16872 "GET /orders/1 HTTP/1.1" 500 62622
INFO 2024-04-07 15:18:06,638 autoreload 16376 10392 C:\Users\77017\PycharmProjects\django-project\myproject\myapp\urls.py changed, reloading.
INFO 2024-04-07 15:18:07,338 autoreload 10304 928 Watching for file changes with StatReloader
INFO 2024-04-07 15:18:07,754 basehttp 10304 18016 "GET /orders/1 HTTP/1.1" 200 175
INFO 2024-04-07 15:23:26,643 autoreload 10304 928 C:\Users\77017\PycharmProjects\django-project\myproject\myapp\views.py changed, reloading.
INFO 2024-04-07 15:23:27,301 autoreload 20772 23764 Watching for file changes with StatReloader
INFO 2024-04-07 15:32:54,793 autoreload 20772 23764 C:\Users\77017\PycharmProjects\django-project\myproject\myapp\views.py changed, reloading.
INFO 2024-04-07 15:32:55,866 autoreload 4748 14020 Watching for file changes with StatReloader
INFO 2024-04-07 15:37:33,638 autoreload 4748 14020 C:\Users\77017\PycharmProjects\django-project\myproject\myapp\views.py changed, reloading.
INFO 2024-04-07 15:37:34,701 autoreload 23952 928 Watching for file changes with StatReloader
ERROR 2024-04-07 15:42:00,140 log 23952 8728 Internal Server Error: /orders/1
Traceback (most recent call last):
  File "C:\Users\77017\PycharmProjects\django-project\venv\lib\site-packages\django\core\handlers\exception.py", line 55, in inner
    response = get_response(request)
  File "C:\Users\77017\PycharmProjects\django-project\venv\lib\site-packages\django\core\handlers\base.py", line 197, in _get_response
    response = wrapped_callback(request, *callback_args, **callback_kwargs)
  File "C:\Users\77017\PycharmProjects\django-project\myproject\myapp\views.py", line 184, in get_orders_by_client
    enrolls = Enrollment(order=order.pk)
  File "C:\Users\77017\PycharmProjects\django-project\venv\lib\site-packages\django\db\models\base.py", line 543, in __init__
    _setattr(self, field.name, rel_obj)
  File "C:\Users\77017\PycharmProjects\django-project\venv\lib\site-packages\django\db\models\fields\related_descriptors.py", line 284, in __set__
    raise ValueError(
ValueError: Cannot assign "1": "Enrollment.order" must be a "Order" instance.
ERROR 2024-04-07 15:42:00,143 basehttp 23952 8728 "GET /orders/1 HTTP/1.1" 500 77175
INFO 2024-04-07 15:42:26,691 autoreload 23952 928 C:\Users\77017\PycharmProjects\django-project\myproject\myapp\views.py changed, reloading.
INFO 2024-04-07 15:42:27,650 autoreload 3080 10820 Watching for file changes with StatReloader
ERROR 2024-04-07 15:42:28,418 log 3080 17720 Internal Server Error: /orders/1
Traceback (most recent call last):
  File "C:\Users\77017\PycharmProjects\django-project\venv\lib\site-packages\django\template\base.py", line 502, in parse
    compile_func = self.tags[command]
KeyError: 'endif'

During handling of the above exception, another exception occurred:

Traceback (most recent call last):
  File "C:\Users\77017\PycharmProjects\django-project\venv\lib\site-packages\django\core\handlers\exception.py", line 55, in inner
    response = get_response(request)
  File "C:\Users\77017\PycharmProjects\django-project\venv\lib\site-packages\django\core\handlers\base.py", line 197, in _get_response
    response = wrapped_callback(request, *callback_args, **callback_kwargs)
  File "C:\Users\77017\PycharmProjects\django-project\myproject\myapp\views.py", line 189, in get_orders_by_client
    return render(request, 'myapp/orders.html', context)
  File "C:\Users\77017\PycharmProjects\django-project\venv\lib\site-packages\django\shortcuts.py", line 25, in render
    content = loader.render_to_string(template_name, context, request, using=using)
  File "C:\Users\77017\PycharmProjects\django-project\venv\lib\site-packages\django\template\loader.py", line 61, in render_to_string
    template = get_template(template_name, using=using)
  File "C:\Users\77017\PycharmProjects\django-project\venv\lib\site-packages\django\template\loader.py", line 15, in get_template
    return engine.get_template(template_name)
  File "C:\Users\77017\PycharmProjects\django-project\venv\lib\site-packages\django\template\backends\django.py", line 33, in get_template
    return Template(self.engine.get_template(template_name), self)
  File "C:\Users\77017\PycharmProjects\django-project\venv\lib\site-packages\django\template\engine.py", line 177, in get_template
    template, origin = self.find_template(template_name)
  File "C:\Users\77017\PycharmProjects\django-project\venv\lib\site-packages\django\template\engine.py", line 159, in find_template
    template = loader.get_template(name, skip=skip)
  File "C:\Users\77017\PycharmProjects\django-project\venv\lib\site-packages\django\template\loaders\cached.py", line 57, in get_template
    template = super().get_template(template_name, skip)
  File "C:\Users\77017\PycharmProjects\django-project\venv\lib\site-packages\django\template\loaders\base.py", line 28, in get_template
    return Template(
  File "C:\Users\77017\PycharmProjects\django-project\venv\lib\site-packages\django\template\base.py", line 154, in __init__
    self.nodelist = self.compile_nodelist()
  File "C:\Users\77017\PycharmProjects\django-project\venv\lib\site-packages\django\template\base.py", line 196, in compile_nodelist
    return parser.parse()
  File "C:\Users\77017\PycharmProjects\django-project\venv\lib\site-packages\django\template\base.py", line 504, in parse
    self.invalid_block_tag(token, command, parse_until)
  File "C:\Users\77017\PycharmProjects\django-project\venv\lib\site-packages\django\template\base.py", line 565, in invalid_block_tag
    raise self.error(
django.template.exceptions.TemplateSyntaxError: Invalid block tag on line 18: 'endif'. Did you forget to register or load this tag?
ERROR 2024-04-07 15:42:28,424 basehttp 3080 17720 "GET /orders/1 HTTP/1.1" 500 134213
INFO 2024-04-07 15:43:13,263 basehttp 3080 20336 "GET /orders/1 HTTP/1.1" 200 228
INFO 2024-04-07 15:44:24,198 basehttp 3080 10264 "GET /orders/1 HTTP/1.1" 200 229
INFO 2024-04-07 15:45:00,847 autoreload 3080 10820 C:\Users\77017\PycharmProjects\django-project\myproject\myapp\views.py changed, reloading.
INFO 2024-04-07 15:45:01,541 autoreload 8336 7424 Watching for file changes with StatReloader
INFO 2024-04-07 15:45:01,995 basehttp 8336 4040 "GET /orders/1 HTTP/1.1" 200 229
INFO 2024-04-07 15:47:10,748 autoreload 8336 7424 C:\Users\77017\PycharmProjects\django-project\myproject\myapp\views.py changed, reloading.
INFO 2024-04-07 15:47:11,395 autoreload 11260 9892 Watching for file changes with StatReloader
INFO 2024-04-07 15:47:11,652 basehttp 11260 23684 "GET /orders/1 HTTP/1.1" 200 229
INFO 2024-04-07 15:47:52,375 autoreload 11260 9892 C:\Users\77017\PycharmProjects\django-project\myproject\myapp\views.py changed, reloading.
INFO 2024-04-07 15:47:53,078 autoreload 6876 24316 Watching for file changes with StatReloader
INFO 2024-04-07 15:47:53,227 basehttp 6876 11876 "GET /orders/1 HTTP/1.1" 200 225
INFO 2024-04-07 15:49:05,253 autoreload 6876 24316 C:\Users\77017\PycharmProjects\django-project\myproject\myapp\views.py changed, reloading.
INFO 2024-04-07 15:49:05,887 autoreload 3040 4124 Watching for file changes with StatReloader
INFO 2024-04-07 15:49:06,157 basehttp 3040 2268 "GET /orders/1 HTTP/1.1" 200 225
INFO 2024-04-07 15:51:01,787 autoreload 3040 4124 C:\Users\77017\PycharmProjects\django-project\myproject\myapp\views.py changed, reloading.
INFO 2024-04-07 15:51:02,498 autoreload 25304 19548 Watching for file changes with StatReloader
INFO 2024-04-07 15:51:02,762 basehttp 25304 4180 "GET /orders/1 HTTP/1.1" 200 225
ERROR 2024-04-07 15:52:32,047 log 25304 4180 Internal Server Error: /orders/1
Traceback (most recent call last):
  File "C:\Users\77017\PycharmProjects\django-project\venv\lib\site-packages\django\core\handlers\exception.py", line 55, in inner
    response = get_response(request)
  File "C:\Users\77017\PycharmProjects\django-project\venv\lib\site-packages\django\core\handlers\base.py", line 197, in _get_response
    response = wrapped_callback(request, *callback_args, **callback_kwargs)
  File "C:\Users\77017\PycharmProjects\django-project\myproject\myapp\views.py", line 190, in get_orders_by_client
    return render(request, 'myapp/orders.html', context)
  File "C:\Users\77017\PycharmProjects\django-project\venv\lib\site-packages\django\shortcuts.py", line 25, in render
    content = loader.render_to_string(template_name, context, request, using=using)
  File "C:\Users\77017\PycharmProjects\django-project\venv\lib\site-packages\django\template\loader.py", line 61, in render_to_string
    template = get_template(template_name, using=using)
  File "C:\Users\77017\PycharmProjects\django-project\venv\lib\site-packages\django\template\loader.py", line 15, in get_template
    return engine.get_template(template_name)
  File "C:\Users\77017\PycharmProjects\django-project\venv\lib\site-packages\django\template\backends\django.py", line 33, in get_template
    return Template(self.engine.get_template(template_name), self)
  File "C:\Users\77017\PycharmProjects\django-project\venv\lib\site-packages\django\template\engine.py", line 177, in get_template
    template, origin = self.find_template(template_name)
  File "C:\Users\77017\PycharmProjects\django-project\venv\lib\site-packages\django\template\engine.py", line 159, in find_template
    template = loader.get_template(name, skip=skip)
  File "C:\Users\77017\PycharmProjects\django-project\venv\lib\site-packages\django\template\loaders\cached.py", line 57, in get_template
    template = super().get_template(template_name, skip)
  File "C:\Users\77017\PycharmProjects\django-project\venv\lib\site-packages\django\template\loaders\base.py", line 28, in get_template
    return Template(
  File "C:\Users\77017\PycharmProjects\django-project\venv\lib\site-packages\django\template\base.py", line 154, in __init__
    self.nodelist = self.compile_nodelist()
  File "C:\Users\77017\PycharmProjects\django-project\venv\lib\site-packages\django\template\base.py", line 196, in compile_nodelist
    return parser.parse()
  File "C:\Users\77017\PycharmProjects\django-project\venv\lib\site-packages\django\template\base.py", line 510, in parse
    raise self.error(token, e)
  File "C:\Users\77017\PycharmProjects\django-project\venv\lib\site-packages\django\template\base.py", line 508, in parse
    compiled_result = compile_func(self, token)
  File "C:\Users\77017\PycharmProjects\django-project\venv\lib\site-packages\django\template\defaulttags.py", line 961, in do_if
    nodelist = parser.parse(("elif", "else", "endif"))
  File "C:\Users\77017\PycharmProjects\django-project\venv\lib\site-packages\django\template\base.py", line 510, in parse
    raise self.error(token, e)
  File "C:\Users\77017\PycharmProjects\django-project\venv\lib\site-packages\django\template\base.py", line 508, in parse
    compiled_result = compile_func(self, token)
  File "C:\Users\77017\PycharmProjects\django-project\venv\lib\site-packages\django\template\defaulttags.py", line 860, in do_for
    sequence = parser.compile_filter(bits[in_index + 1])
  File "C:\Users\77017\PycharmProjects\django-project\venv\lib\site-packages\django\template\base.py", line 597, in compile_filter
    return FilterExpression(token, self)
  File "C:\Users\77017\PycharmProjects\django-project\venv\lib\site-packages\django\template\base.py", line 698, in __init__
    raise TemplateSyntaxError(
django.template.exceptions.TemplateSyntaxError: Could not parse the remainder: '()' from 'orders.items()'
ERROR 2024-04-07 15:52:32,051 basehttp 25304 4180 "GET /orders/1 HTTP/1.1" 500 165304
INFO 2024-04-07 15:56:30,323 basehttp 25304 21860 "GET /orders/1 HTTP/1.1" 200 139
INFO 2024-04-07 15:56:33,903 basehttp 25304 21860 "GET /orders/1 HTTP/1.1" 200 139
INFO 2024-04-07 15:56:34,764 basehttp 25304 21860 "GET /orders/1 HTTP/1.1" 200 139
INFO 2024-04-07 15:57:46,642 basehttp 25304 21860 "GET /orders/1 HTTP/1.1" 200 139
INFO 2024-04-07 15:57:47,583 basehttp 25304 21860 "GET /orders/1 HTTP/1.1" 200 139
INFO 2024-04-07 15:57:48,273 basehttp 25304 21860 "GET /orders/1 HTTP/1.1" 200 139
INFO 2024-04-07 15:57:48,653 basehttp 25304 21860 "GET /orders/1 HTTP/1.1" 200 139
INFO 2024-04-07 15:57:48,830 basehttp 25304 21860 "GET /orders/1 HTTP/1.1" 200 139
INFO 2024-04-07 15:57:49,000 basehttp 25304 21860 "GET /orders/1 HTTP/1.1" 200 139
INFO 2024-04-07 15:58:33,181 basehttp 25304 13816 "GET /orders/1 HTTP/1.1" 200 139
INFO 2024-04-07 15:58:34,025 basehttp 25304 13816 "GET /orders/1 HTTP/1.1" 200 139
INFO 2024-04-07 15:58:34,587 basehttp 25304 13816 "GET /orders/1 HTTP/1.1" 200 139
ERROR 2024-04-07 16:05:21,138 log 25304 6600 Internal Server Error: /orders/1
Traceback (most recent call last):
  File "C:\Users\77017\PycharmProjects\django-project\venv\lib\site-packages\django\core\handlers\exception.py", line 55, in inner
    response = get_response(request)
  File "C:\Users\77017\PycharmProjects\django-project\venv\lib\site-packages\django\core\handlers\base.py", line 197, in _get_response
    response = wrapped_callback(request, *callback_args, **callback_kwargs)
  File "C:\Users\77017\PycharmProjects\django-project\myproject\myapp\views.py", line 190, in get_orders_by_client
    return render(request, 'myapp/orders.html', context)
  File "C:\Users\77017\PycharmProjects\django-project\venv\lib\site-packages\django\shortcuts.py", line 25, in render
    content = loader.render_to_string(template_name, context, request, using=using)
  File "C:\Users\77017\PycharmProjects\django-project\venv\lib\site-packages\django\template\loader.py", line 62, in render_to_string
    return template.render(context, request)
  File "C:\Users\77017\PycharmProjects\django-project\venv\lib\site-packages\django\template\backends\django.py", line 61, in render
    return self.template.render(context)
  File "C:\Users\77017\PycharmProjects\django-project\venv\lib\site-packages\django\template\base.py", line 171, in render
    return self._render(context)
  File "C:\Users\77017\PycharmProjects\django-project\venv\lib\site-packages\django\template\base.py", line 163, in _render
    return self.nodelist.render(context)
  File "C:\Users\77017\PycharmProjects\django-project\venv\lib\site-packages\django\template\base.py", line 1000, in render
    return SafeString("".join([node.render_annotated(context) for node in self]))
  File "C:\Users\77017\PycharmProjects\django-project\venv\lib\site-packages\django\template\base.py", line 1000, in <listcomp>
    return SafeString("".join([node.render_annotated(context) for node in self]))
  File "C:\Users\77017\PycharmProjects\django-project\venv\lib\site-packages\django\template\base.py", line 961, in render_annotated
    return self.render(context)
  File "C:\Users\77017\PycharmProjects\django-project\venv\lib\site-packages\django\template\defaulttags.py", line 326, in render
    return nodelist.render(context)
  File "C:\Users\77017\PycharmProjects\django-project\venv\lib\site-packages\django\template\base.py", line 1000, in render
    return SafeString("".join([node.render_annotated(context) for node in self]))
  File "C:\Users\77017\PycharmProjects\django-project\venv\lib\site-packages\django\template\base.py", line 1000, in <listcomp>
    return SafeString("".join([node.render_annotated(context) for node in self]))
  File "C:\Users\77017\PycharmProjects\django-project\venv\lib\site-packages\django\template\base.py", line 961, in render_annotated
    return self.render(context)
  File "C:\Users\77017\PycharmProjects\django-project\venv\lib\site-packages\django\template\defaulttags.py", line 230, in render
    raise ValueError(
ValueError: Need 2 values to unpack in for loop; got 1. 
ERROR 2024-04-07 16:05:21,142 basehttp 25304 6600 "GET /orders/1 HTTP/1.1" 500 128283
INFO 2024-04-07 16:07:38,125 basehttp 25304 13836 "GET /orders/1 HTTP/1.1" 200 139
INFO 2024-04-07 16:13:14,841 basehttp 25304 324 "GET /orders/1 HTTP/1.1" 200 135
INFO 2024-04-07 16:13:15,690 basehttp 25304 21756 "GET /orders/1 HTTP/1.1" 200 135
INFO 2024-04-07 16:13:16,267 basehttp 25304 21756 "GET /orders/1 HTTP/1.1" 200 135
INFO 2024-04-07 16:13:16,659 basehttp 25304 21756 "GET /orders/1 HTTP/1.1" 200 135
INFO 2024-04-07 16:14:07,635 basehttp 25304 24036 "GET /orders/1 HTTP/1.1" 200 135
INFO 2024-04-07 16:14:08,570 basehttp 25304 24036 "GET /orders/1 HTTP/1.1" 200 135
INFO 2024-04-07 16:14:09,179 basehttp 25304 24036 "GET /orders/1 HTTP/1.1" 200 135
INFO 2024-04-07 16:14:17,126 basehttp 25304 24036 "GET /orders/2 HTTP/1.1" 200 172
INFO 2024-04-07 16:14:28,287 basehttp 25304 12864 "GET /orders/1 HTTP/1.1" 200 135
INFO 2024-04-07 16:16:04,300 basehttp 25304 21344 "GET /orders/1 HTTP/1.1" 200 153
INFO 2024-04-07 16:18:22,197 basehttp 25304 16248 "GET /orders/1 HTTP/1.1" 200 171
ERROR 2024-04-07 16:21:51,748 log 25304 7512 Internal Server Error: /orders/1
Traceback (most recent call last):
  File "C:\Users\77017\PycharmProjects\django-project\venv\lib\site-packages\django\core\handlers\exception.py", line 55, in inner
    response = get_response(request)
  File "C:\Users\77017\PycharmProjects\django-project\venv\lib\site-packages\django\core\handlers\base.py", line 197, in _get_response
    response = wrapped_callback(request, *callback_args, **callback_kwargs)
  File "C:\Users\77017\PycharmProjects\django-project\myproject\myapp\views.py", line 190, in get_orders_by_client
    return render(request, 'myapp/orders.html', context)
  File "C:\Users\77017\PycharmProjects\django-project\venv\lib\site-packages\django\shortcuts.py", line 25, in render
    content = loader.render_to_string(template_name, context, request, using=using)
  File "C:\Users\77017\PycharmProjects\django-project\venv\lib\site-packages\django\template\loader.py", line 61, in render_to_string
    template = get_template(template_name, using=using)
  File "C:\Users\77017\PycharmProjects\django-project\venv\lib\site-packages\django\template\loader.py", line 15, in get_template
    return engine.get_template(template_name)
  File "C:\Users\77017\PycharmProjects\django-project\venv\lib\site-packages\django\template\backends\django.py", line 33, in get_template
    return Template(self.engine.get_template(template_name), self)
  File "C:\Users\77017\PycharmProjects\django-project\venv\lib\site-packages\django\template\engine.py", line 177, in get_template
    template, origin = self.find_template(template_name)
  File "C:\Users\77017\PycharmProjects\django-project\venv\lib\site-packages\django\template\engine.py", line 159, in find_template
    template = loader.get_template(name, skip=skip)
  File "C:\Users\77017\PycharmProjects\django-project\venv\lib\site-packages\django\template\loaders\cached.py", line 57, in get_template
    template = super().get_template(template_name, skip)
  File "C:\Users\77017\PycharmProjects\django-project\venv\lib\site-packages\django\template\loaders\base.py", line 28, in get_template
    return Template(
  File "C:\Users\77017\PycharmProjects\django-project\venv\lib\site-packages\django\template\base.py", line 154, in __init__
    self.nodelist = self.compile_nodelist()
  File "C:\Users\77017\PycharmProjects\django-project\venv\lib\site-packages\django\template\base.py", line 196, in compile_nodelist
    return parser.parse()
  File "C:\Users\77017\PycharmProjects\django-project\venv\lib\site-packages\django\template\base.py", line 510, in parse
    raise self.error(token, e)
  File "C:\Users\77017\PycharmProjects\django-project\venv\lib\site-packages\django\template\base.py", line 508, in parse
    compiled_result = compile_func(self, token)
  File "C:\Users\77017\PycharmProjects\django-project\venv\lib\site-packages\django\template\defaulttags.py", line 961, in do_if
    nodelist = parser.parse(("elif", "else", "endif"))
  File "C:\Users\77017\PycharmProjects\django-project\venv\lib\site-packages\django\template\base.py", line 510, in parse
    raise self.error(token, e)
  File "C:\Users\77017\PycharmProjects\django-project\venv\lib\site-packages\django\template\base.py", line 508, in parse
    compiled_result = compile_func(self, token)
  File "C:\Users\77017\PycharmProjects\django-project\venv\lib\site-packages\django\template\defaulttags.py", line 861, in do_for
    nodelist_loop = parser.parse(
  File "C:\Users\77017\PycharmProjects\django-project\venv\lib\site-packages\django\template\base.py", line 510, in parse
    raise self.error(token, e)
  File "C:\Users\77017\PycharmProjects\django-project\venv\lib\site-packages\django\template\base.py", line 508, in parse
    compiled_result = compile_func(self, token)
  File "C:\Users\77017\PycharmProjects\django-project\venv\lib\site-packages\django\template\defaulttags.py", line 860, in do_for
    sequence = parser.compile_filter(bits[in_index + 1])
  File "C:\Users\77017\PycharmProjects\django-project\venv\lib\site-packages\django\template\base.py", line 597, in compile_filter
    return FilterExpression(token, self)
  File "C:\Users\77017\PycharmProjects\django-project\venv\lib\site-packages\django\template\base.py", line 698, in __init__
    raise TemplateSyntaxError(
django.template.exceptions.TemplateSyntaxError: Could not parse the remainder: '[order]' from 'orders[order]'
ERROR 2024-04-07 16:21:51,752 basehttp 25304 7512 "GET /orders/1 HTTP/1.1" 500 180134
ERROR 2024-04-07 16:24:12,108 log 25304 6604 Internal Server Error: /orders/1
Traceback (most recent call last):
  File "C:\Users\77017\PycharmProjects\django-project\venv\lib\site-packages\django\template\base.py", line 502, in parse
    compile_func = self.tags[command]
KeyError: 'else'

During handling of the above exception, another exception occurred:

Traceback (most recent call last):
  File "C:\Users\77017\PycharmProjects\django-project\venv\lib\site-packages\django\core\handlers\exception.py", line 55, in inner
    response = get_response(request)
  File "C:\Users\77017\PycharmProjects\django-project\venv\lib\site-packages\django\core\handlers\base.py", line 197, in _get_response
    response = wrapped_callback(request, *callback_args, **callback_kwargs)
  File "C:\Users\77017\PycharmProjects\django-project\myproject\myapp\views.py", line 190, in get_orders_by_client
    return render(request, 'myapp/orders.html', context)
  File "C:\Users\77017\PycharmProjects\django-project\venv\lib\site-packages\django\shortcuts.py", line 25, in render
    content = loader.render_to_string(template_name, context, request, using=using)
  File "C:\Users\77017\PycharmProjects\django-project\venv\lib\site-packages\django\template\loader.py", line 61, in render_to_string
    template = get_template(template_name, using=using)
  File "C:\Users\77017\PycharmProjects\django-project\venv\lib\site-packages\django\template\loader.py", line 15, in get_template
    return engine.get_template(template_name)
  File "C:\Users\77017\PycharmProjects\django-project\venv\lib\site-packages\django\template\backends\django.py", line 33, in get_template
    return Template(self.engine.get_template(template_name), self)
  File "C:\Users\77017\PycharmProjects\django-project\venv\lib\site-packages\django\template\engine.py", line 177, in get_template
    template, origin = self.find_template(template_name)
  File "C:\Users\77017\PycharmProjects\django-project\venv\lib\site-packages\django\template\engine.py", line 159, in find_template
    template = loader.get_template(name, skip=skip)
  File "C:\Users\77017\PycharmProjects\django-project\venv\lib\site-packages\django\template\loaders\cached.py", line 57, in get_template
    template = super().get_template(template_name, skip)
  File "C:\Users\77017\PycharmProjects\django-project\venv\lib\site-packages\django\template\loaders\base.py", line 28, in get_template
    return Template(
  File "C:\Users\77017\PycharmProjects\django-project\venv\lib\site-packages\django\template\base.py", line 154, in __init__
    self.nodelist = self.compile_nodelist()
  File "C:\Users\77017\PycharmProjects\django-project\venv\lib\site-packages\django\template\base.py", line 196, in compile_nodelist
    return parser.parse()
  File "C:\Users\77017\PycharmProjects\django-project\venv\lib\site-packages\django\template\base.py", line 510, in parse
    raise self.error(token, e)
  File "C:\Users\77017\PycharmProjects\django-project\venv\lib\site-packages\django\template\base.py", line 508, in parse
    compiled_result = compile_func(self, token)
  File "C:\Users\77017\PycharmProjects\django-project\venv\lib\site-packages\django\template\defaulttags.py", line 961, in do_if
    nodelist = parser.parse(("elif", "else", "endif"))
  File "C:\Users\77017\PycharmProjects\django-project\venv\lib\site-packages\django\template\base.py", line 510, in parse
    raise self.error(token, e)
  File "C:\Users\77017\PycharmProjects\django-project\venv\lib\site-packages\django\template\base.py", line 508, in parse
    compiled_result = compile_func(self, token)
  File "C:\Users\77017\PycharmProjects\django-project\venv\lib\site-packages\django\template\defaulttags.py", line 861, in do_for
    nodelist_loop = parser.parse(
  File "C:\Users\77017\PycharmProjects\django-project\venv\lib\site-packages\django\template\base.py", line 504, in parse
    self.invalid_block_tag(token, command, parse_until)
  File "C:\Users\77017\PycharmProjects\django-project\venv\lib\site-packages\django\template\base.py", line 555, in invalid_block_tag
    raise self.error(
django.template.exceptions.TemplateSyntaxError: Invalid block tag on line 19: 'else', expected 'empty' or 'endfor'. Did you forget to register or load this tag?
ERROR 2024-04-07 16:24:12,110 basehttp 25304 6604 "GET /orders/1 HTTP/1.1" 500 166732
INFO 2024-04-07 16:24:57,773 basehttp 25304 15968 "GET /orders/1 HTTP/1.1" 200 169
INFO 2024-04-07 16:24:59,619 basehttp 25304 15968 "GET /orders/1 HTTP/1.1" 200 169
INFO 2024-04-07 16:25:00,040 basehttp 25304 15968 "GET /orders/1 HTTP/1.1" 200 169
INFO 2024-04-07 16:25:31,734 basehttp 25304 25052 "GET /orders/1 HTTP/1.1" 200 169
INFO 2024-04-07 16:25:33,097 basehttp 25304 25052 "GET /orders/1 HTTP/1.1" 200 169
INFO 2024-04-07 16:25:33,866 basehttp 25304 25052 "GET /orders/1 HTTP/1.1" 200 169
INFO 2024-04-07 16:25:34,413 basehttp 25304 25052 "GET /orders/1 HTTP/1.1" 200 169
INFO 2024-04-07 16:28:50,916 basehttp 25304 24504 "GET /orders/1 HTTP/1.1" 200 128
INFO 2024-04-07 16:28:51,615 basehttp 25304 21308 "GET /orders/1 HTTP/1.1" 200 128
INFO 2024-04-07 16:29:55,947 autoreload 25304 19548 C:\Users\77017\PycharmProjects\django-project\myproject\myapp\views.py changed, reloading.
INFO 2024-04-07 16:29:57,213 autoreload 17824 17172 Watching for file changes with StatReloader
INFO 2024-04-07 16:29:58,238 basehttp 17824 22500 "GET /orders/1 HTTP/1.1" 200 128
INFO 2024-04-07 16:29:59,276 basehttp 17824 22500 "GET /orders/1 HTTP/1.1" 200 128
ERROR 2024-04-07 16:31:13,486 log 17824 25064 Internal Server Error: /orders/1
Traceback (most recent call last):
  File "C:\Users\77017\PycharmProjects\django-project\venv\lib\site-packages\django\core\handlers\exception.py", line 55, in inner
    response = get_response(request)
  File "C:\Users\77017\PycharmProjects\django-project\venv\lib\site-packages\django\core\handlers\base.py", line 197, in _get_response
    response = wrapped_callback(request, *callback_args, **callback_kwargs)
  File "C:\Users\77017\PycharmProjects\django-project\myproject\myapp\views.py", line 193, in get_orders_by_client
    return render(request, 'myapp/orders.html', context)
  File "C:\Users\77017\PycharmProjects\django-project\venv\lib\site-packages\django\shortcuts.py", line 25, in render
    content = loader.render_to_string(template_name, context, request, using=using)
  File "C:\Users\77017\PycharmProjects\django-project\venv\lib\site-packages\django\template\loader.py", line 61, in render_to_string
    template = get_template(template_name, using=using)
  File "C:\Users\77017\PycharmProjects\django-project\venv\lib\site-packages\django\template\loader.py", line 15, in get_template
    return engine.get_template(template_name)
  File "C:\Users\77017\PycharmProjects\django-project\venv\lib\site-packages\django\template\backends\django.py", line 33, in get_template
    return Template(self.engine.get_template(template_name), self)
  File "C:\Users\77017\PycharmProjects\django-project\venv\lib\site-packages\django\template\engine.py", line 177, in get_template
    template, origin = self.find_template(template_name)
  File "C:\Users\77017\PycharmProjects\django-project\venv\lib\site-packages\django\template\engine.py", line 159, in find_template
    template = loader.get_template(name, skip=skip)
  File "C:\Users\77017\PycharmProjects\django-project\venv\lib\site-packages\django\template\loaders\cached.py", line 57, in get_template
    template = super().get_template(template_name, skip)
  File "C:\Users\77017\PycharmProjects\django-project\venv\lib\site-packages\django\template\loaders\base.py", line 28, in get_template
    return Template(
  File "C:\Users\77017\PycharmProjects\django-project\venv\lib\site-packages\django\template\base.py", line 154, in __init__
    self.nodelist = self.compile_nodelist()
  File "C:\Users\77017\PycharmProjects\django-project\venv\lib\site-packages\django\template\base.py", line 196, in compile_nodelist
    return parser.parse()
  File "C:\Users\77017\PycharmProjects\django-project\venv\lib\site-packages\django\template\base.py", line 510, in parse
    raise self.error(token, e)
  File "C:\Users\77017\PycharmProjects\django-project\venv\lib\site-packages\django\template\base.py", line 508, in parse
    compiled_result = compile_func(self, token)
  File "C:\Users\77017\PycharmProjects\django-project\venv\lib\site-packages\django\template\defaulttags.py", line 961, in do_if
    nodelist = parser.parse(("elif", "else", "endif"))
  File "C:\Users\77017\PycharmProjects\django-project\venv\lib\site-packages\django\template\base.py", line 510, in parse
    raise self.error(token, e)
  File "C:\Users\77017\PycharmProjects\django-project\venv\lib\site-packages\django\template\base.py", line 508, in parse
    compiled_result = compile_func(self, token)
  File "C:\Users\77017\PycharmProjects\django-project\venv\lib\site-packages\django\template\defaulttags.py", line 840, in do_for
    raise TemplateSyntaxError(
django.template.exceptions.TemplateSyntaxError: 'for' statements should have at least four words: for order orders
ERROR 2024-04-07 16:31:13,490 basehttp 17824 25064 "GET /orders/1 HTTP/1.1" 500 152479
INFO 2024-04-07 16:31:38,860 basehttp 17824 24292 "GET /orders/1 HTTP/1.1" 200 351
INFO 2024-04-07 16:33:03,658 autoreload 17824 17172 C:\Users\77017\PycharmProjects\django-project\myproject\myapp\views.py changed, reloading.
INFO 2024-04-07 16:33:04,750 autoreload 13624 18988 Watching for file changes with StatReloader
INFO 2024-04-07 16:33:05,095 basehttp 13624 17380 "GET /orders/1 HTTP/1.1" 200 191
INFO 2024-04-07 16:33:57,599 basehttp 13624 16248 "GET /orders/1 HTTP/1.1" 200 379
INFO 2024-04-07 16:34:35,485 basehttp 13624 25500 "GET /orders/1 HTTP/1.1" 200 379
INFO 2024-04-07 16:34:58,409 basehttp 13624 13696 "GET /orders/1 HTTP/1.1" 200 316
INFO 2024-04-07 16:35:11,785 basehttp 13624 16200 "GET /orders/2 HTTP/1.1" 200 165
INFO 2024-04-07 16:35:15,362 basehttp 13624 6480 "GET /orders/1 HTTP/1.1" 200 316
INFO 2024-04-07 16:36:57,473 basehttp 13624 1120 "GET /orders/1 HTTP/1.1" 200 374
INFO 2024-04-07 16:49:05,408 basehttp 13624 17996 "GET /orders/2 HTTP/1.1" 200 190
INFO 2024-04-07 16:49:08,797 basehttp 13624 16024 "GET /orders/3 HTTP/1.1" 200 190
INFO 2024-04-07 16:49:19,538 basehttp 13624 13000 "GET /orders/4 HTTP/1.1" 200 190
INFO 2024-04-07 16:49:27,736 basehttp 13624 13000 "GET /orders/1 HTTP/1.1" 200 374
INFO 2024-04-07 16:55:25,516 autoreload 13624 18988 C:\Users\77017\PycharmProjects\django-project\myproject\myapp\views.py changed, reloading.
INFO 2024-04-07 16:55:26,749 autoreload 15776 6224 Watching for file changes with StatReloader
INFO 2024-04-07 16:55:37,484 basehttp 15776 12016 "GET /new_orders HTTP/1.1" 200 2086
INFO 2024-04-07 17:03:15,633 basehttp 15776 25272 "GET /new_orders HTTP/1.1" 200 1688
INFO 2024-04-07 17:03:18,831 basehttp 15776 25272 "GET /new_orders HTTP/1.1" 200 1688
INFO 2024-04-07 17:03:47,479 basehttp 15776 20652 "GET /new_orders HTTP/1.1" 200 1688
INFO 2024-04-07 17:03:49,420 basehttp 15776 20652 "GET /new_orders?filter=month HTTP/1.1" 200 1688
INFO 2024-04-07 17:03:53,609 basehttp 15776 19368 "GET /new_orders?filter=year HTTP/1.1" 200 1688
INFO 2024-04-07 17:04:01,222 basehttp 15776 18504 "GET /new_orders?filter=year HTTP/1.1" 200 1688
INFO 2024-04-07 17:04:03,473 basehttp 15776 18504 "GET /new_orders?filter=month HTTP/1.1" 200 1688
INFO 2024-04-07 17:04:05,576 basehttp 15776 18504 "GET /new_orders?filter=year HTTP/1.1" 200 1688
INFO 2024-04-07 17:04:10,808 basehttp 15776 21196 "GET /new_orders?filter=month HTTP/1.1" 200 1688
INFO 2024-04-07 17:04:16,115 basehttp 15776 21196 "GET /new_orders?filter=year HTTP/1.1" 200 1688
INFO 2024-04-07 17:04:22,216 basehttp 15776 19064 "GET /new_orders?filter=month HTTP/1.1" 200 1688
INFO 2024-04-07 17:04:32,549 basehttp 15776 16420 "GET /new_orders?filter=month HTTP/1.1" 200 1688
INFO 2024-04-07 17:14:19,722 autoreload 15776 6224 C:\Users\77017\PycharmProjects\django-project\myproject\myapp\views.py changed, reloading.
INFO 2024-04-07 17:14:20,835 autoreload 9384 11296 Watching for file changes with StatReloader
INFO 2024-04-07 17:15:04,946 autoreload 9384 11296 C:\Users\77017\PycharmProjects\django-project\myproject\myapp\views.py changed, reloading.
INFO 2024-04-07 17:15:05,607 autoreload 22700 21244 Watching for file changes with StatReloader
ERROR 2024-04-07 17:15:06,462 log 22700 24376 Internal Server Error: /new_orders
Traceback (most recent call last):
  File "C:\Users\77017\PycharmProjects\django-project\venv\lib\site-packages\django\core\handlers\exception.py", line 55, in inner
    response = get_response(request)
  File "C:\Users\77017\PycharmProjects\django-project\venv\lib\site-packages\django\core\handlers\base.py", line 197, in _get_response
    response = wrapped_callback(request, *callback_args, **callback_kwargs)
  File "C:\Users\77017\PycharmProjects\django-project\myproject\myapp\views.py", line 196, in new_orders
    return render(request, 'myapp/new_orders.html')
  File "C:\Users\77017\PycharmProjects\django-project\venv\lib\site-packages\django\shortcuts.py", line 25, in render
    content = loader.render_to_string(template_name, context, request, using=using)
  File "C:\Users\77017\PycharmProjects\django-project\venv\lib\site-packages\django\template\loader.py", line 61, in render_to_string
    template = get_template(template_name, using=using)
  File "C:\Users\77017\PycharmProjects\django-project\venv\lib\site-packages\django\template\loader.py", line 19, in get_template
    raise TemplateDoesNotExist(template_name, chain=chain)
django.template.exceptions.TemplateDoesNotExist: myapp/new_orders.html
ERROR 2024-04-07 17:15:06,463 basehttp 22700 24376 "GET /new_orders?filter=month HTTP/1.1" 500 80207
ERROR 2024-04-07 17:15:13,134 log 22700 22112 Internal Server Error: /orders/1
Traceback (most recent call last):
  File "C:\Users\77017\PycharmProjects\django-project\venv\lib\site-packages\django\core\handlers\exception.py", line 55, in inner
    response = get_response(request)
  File "C:\Users\77017\PycharmProjects\django-project\venv\lib\site-packages\django\core\handlers\base.py", line 197, in _get_response
    response = wrapped_callback(request, *callback_args, **callback_kwargs)
TypeError: get_orders_by_client() missing 1 required positional argument: 'filter'
ERROR 2024-04-07 17:15:13,137 basehttp 22700 22112 "GET /orders/1 HTTP/1.1" 500 62488
WARNING 2024-04-07 17:15:25,996 log 22700 7496 Not Found: /orders/1/filter
WARNING 2024-04-07 17:15:25,997 basehttp 22700 7496 "GET /orders/1/filter HTTP/1.1" 404 2819
INFO 2024-04-07 17:16:23,695 autoreload 22700 21244 C:\Users\77017\PycharmProjects\django-project\myproject\myapp\urls.py changed, reloading.
INFO 2024-04-07 17:16:24,359 autoreload 25476 16900 Watching for file changes with StatReloader
INFO 2024-04-07 17:16:24,854 basehttp 25476 24848 "GET /orders/1/filter HTTP/1.1" 200 437
INFO 2024-04-07 17:17:03,436 autoreload 25476 16900 C:\Users\77017\PycharmProjects\django-project\myproject\myapp\views.py changed, reloading.
INFO 2024-04-07 17:17:04,046 autoreload 24808 9572 Watching for file changes with StatReloader
INFO 2024-04-07 17:17:17,732 autoreload 24808 9572 C:\Users\77017\PycharmProjects\django-project\myproject\myapp\views.py changed, reloading.
INFO 2024-04-07 17:17:18,269 autoreload 14948 24012 Watching for file changes with StatReloader
INFO 2024-04-07 17:17:25,689 autoreload 14948 24012 C:\Users\77017\PycharmProjects\django-project\myproject\myapp\views.py changed, reloading.
INFO 2024-04-07 17:17:26,246 autoreload 17868 8340 Watching for file changes with StatReloader
INFO 2024-04-07 17:18:01,729 autoreload 17868 8340 C:\Users\77017\PycharmProjects\django-project\myproject\myapp\views.py changed, reloading.
INFO 2024-04-07 17:18:02,306 autoreload 20336 4172 Watching for file changes with StatReloader
INFO 2024-04-07 17:18:09,931 autoreload 20336 4172 C:\Users\77017\PycharmProjects\django-project\myproject\myapp\views.py changed, reloading.
INFO 2024-04-07 17:18:10,496 autoreload 23656 25448 Watching for file changes with StatReloader
INFO 2024-04-07 17:18:22,043 autoreload 23656 25448 C:\Users\77017\PycharmProjects\django-project\myproject\myapp\views.py changed, reloading.
INFO 2024-04-07 17:18:22,610 autoreload 26300 18644 Watching for file changes with StatReloader
INFO 2024-04-07 17:18:38,566 autoreload 26300 18644 C:\Users\77017\PycharmProjects\django-project\myproject\myapp\views.py changed, reloading.
INFO 2024-04-07 17:18:39,172 autoreload 16444 19768 Watching for file changes with StatReloader
INFO 2024-04-07 17:18:59,229 autoreload 16444 19768 C:\Users\77017\PycharmProjects\django-project\myproject\myapp\views.py changed, reloading.
INFO 2024-04-07 17:18:59,878 autoreload 26356 20680 Watching for file changes with StatReloader
INFO 2024-04-07 17:19:21,142 autoreload 26356 20680 C:\Users\77017\PycharmProjects\django-project\myproject\myapp\views.py changed, reloading.
INFO 2024-04-07 17:19:21,707 autoreload 15460 3480 Watching for file changes with StatReloader
INFO 2024-04-07 17:19:57,262 autoreload 15460 3480 C:\Users\77017\PycharmProjects\django-project\myproject\myapp\views.py changed, reloading.
INFO 2024-04-07 17:19:57,885 autoreload 21292 12232 Watching for file changes with StatReloader
INFO 2024-04-07 17:20:16,716 autoreload 21292 12232 C:\Users\77017\PycharmProjects\django-project\myproject\myapp\views.py changed, reloading.
INFO 2024-04-07 17:20:17,300 autoreload 25540 12660 Watching for file changes with StatReloader
INFO 2024-04-07 17:20:32,178 autoreload 25540 12660 C:\Users\77017\PycharmProjects\django-project\myproject\myapp\views.py changed, reloading.
INFO 2024-04-07 17:20:32,780 autoreload 23668 25480 Watching for file changes with StatReloader
INFO 2024-04-07 17:20:39,378 autoreload 23668 25480 C:\Users\77017\PycharmProjects\django-project\myproject\myapp\views.py changed, reloading.
INFO 2024-04-07 17:20:39,988 autoreload 17688 24828 Watching for file changes with StatReloader
INFO 2024-04-07 17:21:11,636 autoreload 17688 24828 C:\Users\77017\PycharmProjects\django-project\myproject\myapp\views.py changed, reloading.
INFO 2024-04-07 17:21:12,225 autoreload 15136 2044 Watching for file changes with StatReloader
INFO 2024-04-07 17:25:56,091 autoreload 15136 2044 C:\Users\77017\PycharmProjects\django-project\myproject\myapp\views.py changed, reloading.
INFO 2024-04-07 17:25:57,149 autoreload 3484 25984 Watching for file changes with StatReloader
INFO 2024-04-07 17:27:36,413 autoreload 3484 25984 C:\Users\77017\PycharmProjects\django-project\myproject\myapp\views.py changed, reloading.
INFO 2024-04-07 17:27:37,375 autoreload 8852 20268 Watching for file changes with StatReloader
INFO 2024-04-07 17:28:11,355 autoreload 8852 20268 C:\Users\77017\PycharmProjects\django-project\myproject\myapp\views.py changed, reloading.
INFO 2024-04-07 17:28:12,072 autoreload 20812 22920 Watching for file changes with StatReloader
INFO 2024-04-07 17:28:26,755 autoreload 20812 22920 C:\Users\77017\PycharmProjects\django-project\myproject\myapp\views.py changed, reloading.
INFO 2024-04-07 17:28:27,362 autoreload 20936 22688 Watching for file changes with StatReloader
INFO 2024-04-07 17:29:06,875 autoreload 20936 22688 C:\Users\77017\PycharmProjects\django-project\myproject\myapp\views.py changed, reloading.
INFO 2024-04-07 17:29:07,415 autoreload 22956 24076 Watching for file changes with StatReloader
INFO 2024-04-07 17:29:16,934 autoreload 22956 24076 C:\Users\77017\PycharmProjects\django-project\myproject\myapp\views.py changed, reloading.
INFO 2024-04-07 17:29:17,504 autoreload 24972 3708 Watching for file changes with StatReloader
INFO 2024-04-07 17:29:38,379 autoreload 24972 3708 C:\Users\77017\PycharmProjects\django-project\myproject\myapp\views.py changed, reloading.
INFO 2024-04-07 17:29:38,966 autoreload 13380 7660 Watching for file changes with StatReloader
INFO 2024-04-07 17:32:49,382 autoreload 13380 7660 C:\Users\77017\PycharmProjects\django-project\myproject\myapp\views.py changed, reloading.
INFO 2024-04-07 17:32:50,124 autoreload 11700 10944 Watching for file changes with StatReloader
ERROR 2024-04-07 17:32:51,525 log 11700 21092 Internal Server Error: /orders/1/filter
Traceback (most recent call last):
  File "C:\Users\77017\PycharmProjects\django-project\venv\lib\site-packages\django\core\handlers\exception.py", line 55, in inner
    response = get_response(request)
  File "C:\Users\77017\PycharmProjects\django-project\venv\lib\site-packages\django\core\handlers\base.py", line 197, in _get_response
    response = wrapped_callback(request, *callback_args, **callback_kwargs)
TypeError: get_orders_by_client() got an unexpected keyword argument 'filter'
ERROR 2024-04-07 17:32:51,526 basehttp 11700 21092 "GET /orders/1/filter HTTP/1.1" 500 62708
INFO 2024-04-07 17:33:14,984 autoreload 11700 10944 C:\Users\77017\PycharmProjects\django-project\myproject\myapp\urls.py changed, reloading.
INFO 2024-04-07 17:33:15,696 autoreload 4564 2380 Watching for file changes with StatReloader
INFO 2024-04-07 17:33:15,870 basehttp 4564 19336 "GET /orders/1/filter HTTP/1.1" 200 437
WARNING 2024-04-07 17:33:23,744 log 4564 15600 Not Found: /orders/1/filter/year
WARNING 2024-04-07 17:33:23,746 basehttp 4564 15600 "GET /orders/1/filter/year HTTP/1.1" 404 2682
ERROR 2024-04-07 17:33:39,818 log 4564 8220 Internal Server Error: /orders/1/year
Traceback (most recent call last):
  File "C:\Users\77017\PycharmProjects\django-project\venv\lib\site-packages\django\core\handlers\exception.py", line 55, in inner
    response = get_response(request)
  File "C:\Users\77017\PycharmProjects\django-project\venv\lib\site-packages\django\core\handlers\base.py", line 197, in _get_response
    response = wrapped_callback(request, *callback_args, **callback_kwargs)
  File "C:\Users\77017\PycharmProjects\django-project\myproject\myapp\views.py", line 195, in get_orders_by_client
    orders = orders.objects.filter(date_ordered__range=[start_date, today])
AttributeError: 'QuerySet' object has no attribute 'objects'
ERROR 2024-04-07 17:33:39,822 basehttp 4564 8220 "GET /orders/1/year HTTP/1.1" 500 67245
INFO 2024-04-07 17:37:29,663 autoreload 4564 2380 C:\Users\77017\PycharmProjects\django-project\myproject\myapp\views.py changed, reloading.
INFO 2024-04-07 17:37:30,962 autoreload 18924 22052 Watching for file changes with StatReloader
INFO 2024-04-07 17:38:13,251 autoreload 18924 22052 C:\Users\77017\PycharmProjects\django-project\myproject\myapp\views.py changed, reloading.
INFO 2024-04-07 17:38:14,076 autoreload 24592 24012 Watching for file changes with StatReloader
INFO 2024-04-07 17:38:14,840 basehttp 24592 18536 "GET /orders/1/year HTTP/1.1" 200 437
INFO 2024-04-07 17:38:17,481 basehttp 24592 18536 "GET /orders/1/year HTTP/1.1" 200 437
INFO 2024-04-07 17:38:24,219 basehttp 24592 18536 "GET /orders/1/month HTTP/1.1" 200 437
INFO 2024-04-07 17:47:09,687 autoreload 25708 23860 Watching for file changes with StatReloader
INFO 2024-04-07 17:47:13,192 basehttp 25708 23432 "GET /orders/1/month HTTP/1.1" 200 745
WARNING 2024-04-07 17:47:53,952 log 25708 14832 Not Found: /orders/1/
WARNING 2024-04-07 17:47:53,952 basehttp 25708 14832 "GET /orders/1/ HTTP/1.1" 404 2649
INFO 2024-04-07 17:47:59,965 basehttp 25708 4796 "GET /orders/1/all HTTP/1.1" 200 745
INFO 2024-04-07 17:50:11,936 autoreload 3268 9996 Watching for file changes with StatReloader
INFO 2024-04-07 17:50:14,993 basehttp 3268 22532 "GET /orders/1/all HTTP/1.1" 200 745
WARNING 2024-04-07 17:50:18,308 log 3268 22532 Not Found: /orders/1
WARNING 2024-04-07 17:50:18,310 basehttp 3268 22532 "GET /orders/1 HTTP/1.1" 404 2646
WARNING 2024-04-07 17:50:19,087 log 3268 24340 Not Found: /orders/2
WARNING 2024-04-07 17:50:19,088 basehttp 3268 24340 "GET /orders/2 HTTP/1.1" 404 2646
INFO 2024-04-07 17:50:21,181 basehttp 3268 24340 "GET /orders/2/all HTTP/1.1" 200 190
INFO 2024-04-07 17:52:13,927 autoreload 20280 332 Watching for file changes with StatReloader
INFO 2024-04-07 17:52:16,580 basehttp 20280 15584 "GET /orders/2/all HTTP/1.1" 200 367
INFO 2024-04-07 17:52:22,643 basehttp 20280 12040 "GET /orders/2/all HTTP/1.1" 200 367
INFO 2024-04-07 17:56:06,301 views 20280 24016 Index page accessed
INFO 2024-04-07 17:56:06,304 basehttp 20280 24016 "GET / HTTP/1.1" 200 2555
WARNING 2024-04-07 17:56:15,202 log 20280 12164 Not Found: /orders/1
WARNING 2024-04-07 17:56:15,204 basehttp 20280 12164 "GET /orders/1 HTTP/1.1" 404 2646
INFO 2024-04-07 17:56:21,238 basehttp 20280 12248 "GET /orders/1/all HTTP/1.1" 200 781
INFO 2024-04-07 18:00:27,344 basehttp 20280 25508 "GET /orders/1/all HTTP/1.1" 200 1111
INFO 2024-04-07 18:00:47,135 basehttp 20280 25508 "GET /orders/1/year HTTP/1.1" 200 781
INFO 2024-04-07 18:00:52,811 basehttp 20280 25508 "GET /orders/1/month HTTP/1.1" 200 781
INFO 2024-04-07 18:00:56,568 basehttp 20280 25508 "GET /orders/1/month HTTP/1.1" 200 781
INFO 2024-04-07 18:01:08,357 basehttp 20280 25508 "GET /orders/1/year HTTP/1.1" 200 781
INFO 2024-04-07 18:01:11,885 basehttp 20280 25508 "GET /orders/1/year HTTP/1.1" 200 781
INFO 2024-04-07 18:01:18,429 basehttp 20280 25508 "GET /orders/1/all HTTP/1.1" 200 1111
INFO 2024-04-07 18:03:39,432 autoreload 20280 332 C:\Users\77017\PycharmProjects\django-project\myproject\myapp\views.py changed, reloading.
INFO 2024-04-07 18:03:40,396 autoreload 4908 21736 Watching for file changes with StatReloader
INFO 2024-04-07 18:03:49,059 basehttp 4908 22928 "GET /orders/1/month HTTP/1.1" 200 781
INFO 2024-04-07 18:05:56,542 autoreload 4908 21736 C:\Users\77017\PycharmProjects\django-project\myproject\myapp\views.py changed, reloading.
INFO 2024-04-07 18:05:57,162 autoreload 19440 10060 Watching for file changes with StatReloader
INFO 2024-04-07 18:05:59,315 basehttp 19440 20184 "GET /orders/1/month HTTP/1.1" 200 781
INFO 2024-04-07 18:06:52,433 basehttp 19440 25832 "GET /orders/1/year HTTP/1.1" 200 781
INFO 2024-04-07 18:06:54,459 basehttp 19440 25832 "GET /orders/1/year HTTP/1.1" 200 781
INFO 2024-04-07 18:09:30,179 autoreload 19440 10060 C:\Users\77017\PycharmProjects\django-project\myproject\myapp\views.py changed, reloading.
INFO 2024-04-07 18:09:30,838 autoreload 22908 22312 Watching for file changes with StatReloader
INFO 2024-04-07 18:09:31,145 basehttp 22908 11236 "GET /orders/1/year HTTP/1.1" 200 781
INFO 2024-04-07 18:13:34,902 autoreload 22908 22312 C:\Users\77017\PycharmProjects\django-project\myproject\myapp\views.py changed, reloading.
INFO 2024-04-07 18:13:35,553 autoreload 14356 4776 Watching for file changes with StatReloader
INFO 2024-04-07 18:14:19,415 autoreload 14356 4776 C:\Users\77017\PycharmProjects\django-project\myproject\myapp\views.py changed, reloading.
INFO 2024-04-07 18:14:19,970 autoreload 16640 3028 Watching for file changes with StatReloader
INFO 2024-04-07 18:15:16,681 autoreload 16640 3028 C:\Users\77017\PycharmProjects\django-project\myproject\myapp\views.py changed, reloading.
INFO 2024-04-07 18:15:17,301 autoreload 14192 3528 Watching for file changes with StatReloader
INFO 2024-04-07 18:17:01,522 basehttp 14192 9744 "GET /orders/1/year HTTP/1.1" 200 781
INFO 2024-04-07 18:17:27,077 autoreload 13452 16084 Watching for file changes with StatReloader
INFO 2024-04-07 18:17:33,331 basehttp 13452 6832 "GET /orders/1/year HTTP/1.1" 200 781
INFO 2024-04-07 18:22:39,288 autoreload 13452 16084 C:\Users\77017\PycharmProjects\django-project\myproject\myapp\views.py changed, reloading.
INFO 2024-04-07 18:22:40,460 autoreload 18636 7140 Watching for file changes with StatReloader
INFO 2024-04-07 18:22:56,592 autoreload 18636 7140 C:\Users\77017\PycharmProjects\django-project\myproject\myapp\views.py changed, reloading.
INFO 2024-04-07 18:22:57,264 autoreload 9180 7996 Watching for file changes with StatReloader
INFO 2024-04-07 18:22:58,281 basehttp 9180 26348 "GET /orders/1/year HTTP/1.1" 200 781
INFO 2024-04-07 18:22:59,174 basehttp 9180 26348 "GET /orders/1/year HTTP/1.1" 200 781
INFO 2024-04-07 18:22:59,774 basehttp 9180 26348 "GET /orders/1/year HTTP/1.1" 200 781
INFO 2024-04-07 18:23:30,898 autoreload 9180 7996 C:\Users\77017\PycharmProjects\django-project\myproject\myapp\views.py changed, reloading.
INFO 2024-04-07 18:23:31,550 autoreload 13600 22232 Watching for file changes with StatReloader
INFO 2024-04-07 18:23:32,578 basehttp 13600 19544 "GET /orders/1/year HTTP/1.1" 200 1038
INFO 2024-04-07 18:23:41,785 basehttp 13600 25572 "GET /orders/1/year HTTP/1.1" 200 1038
INFO 2024-04-07 18:26:45,549 autoreload 2084 12624 Watching for file changes with StatReloader
INFO 2024-04-07 18:26:45,715 basehttp 2084 5816 "GET /orders/1/year HTTP/1.1" 200 781
INFO 2024-04-07 18:26:48,671 basehttp 2084 12560 "GET /orders/1/year HTTP/1.1" 200 781
INFO 2024-04-07 18:26:50,501 basehttp 2084 12560 "GET /orders/1/year HTTP/1.1" 200 781
INFO 2024-04-07 18:26:50,916 basehttp 2084 12560 "GET /orders/1/year HTTP/1.1" 200 781
INFO 2024-04-07 18:26:51,104 basehttp 2084 12560 "GET /orders/1/year HTTP/1.1" 200 781
INFO 2024-04-07 18:26:57,067 basehttp 2084 14208 "GET /orders/1/yall HTTP/1.1" 200 1111
INFO 2024-04-10 18:42:55,791 autoreload 25016 9196 Watching for file changes with StatReloader
INFO 2024-04-10 18:43:03,078 basehttp 25016 22252 "GET / HTTP/1.1" 200 2494
WARNING 2024-04-10 18:43:03,481 log 25016 22252 Not Found: /favicon.ico
WARNING 2024-04-10 18:43:03,488 basehttp 25016 22252 "GET /favicon.ico HTTP/1.1" 404 2213
WARNING 2024-04-10 18:43:10,049 log 25016 13512 Not Found: /les3/hello/
WARNING 2024-04-10 18:43:10,052 basehttp 25016 13512 "GET /les3/hello/ HTTP/1.1" 404 2213
INFO 2024-04-10 18:43:18,918 basehttp 25016 11076 "GET / HTTP/1.1" 200 2494
WARNING 2024-04-10 18:43:44,128 log 25016 25604 Not Found: /orders/1/year
WARNING 2024-04-10 18:43:44,130 basehttp 25016 25604 "GET /orders/1/year HTTP/1.1" 404 2219
INFO 2024-04-10 18:44:56,209 autoreload 25016 9196 C:\Users\77017\PycharmProjects\django-project\myproject\myproject\urls.py changed, reloading.
INFO 2024-04-10 18:45:06,939 autoreload 12608 10404 Watching for file changes with StatReloader
INFO 2024-04-10 18:45:21,283 autoreload 12608 10404 C:\Users\77017\PycharmProjects\django-project\myproject\myproject\urls.py changed, reloading.
INFO 2024-04-10 18:45:31,809 autoreload 25460 15648 Watching for file changes with StatReloader
INFO 2024-04-10 18:46:07,948 autoreload 5336 9568 Watching for file changes with StatReloader
INFO 2024-04-10 18:46:15,094 basehttp 5336 14516 "GET /orders/ HTTP/1.1" 200 2494
WARNING 2024-04-10 18:46:21,012 log 5336 24872 Not Found: /orders/or
WARNING 2024-04-10 18:46:21,014 basehttp 5336 24872 "GET /orders/or HTTP/1.1" 404 2596
WARNING 2024-04-10 18:46:32,212 log 5336 20544 Not Found: /orders/1/year
WARNING 2024-04-10 18:46:32,213 basehttp 5336 20544 "GET /orders/1/year HTTP/1.1" 404 2608
WARNING 2024-04-10 18:46:40,977 log 5336 14412 Not Found: /orders/1
WARNING 2024-04-10 18:46:40,978 basehttp 5336 14412 "GET /orders/1 HTTP/1.1" 404 2593
WARNING 2024-04-10 18:46:41,740 log 5336 14412 Not Found: /orders/1
WARNING 2024-04-10 18:46:41,741 basehttp 5336 14412 "GET /orders/1 HTTP/1.1" 404 2593
INFO 2024-04-10 18:46:46,526 basehttp 5336 14412 "GET /orders/ HTTP/1.1" 200 2494
WARNING 2024-04-10 18:46:54,036 log 5336 13284 Not Found: /orders/orders/1
WARNING 2024-04-10 18:46:54,039 basehttp 5336 13284 "GET /orders/orders/1 HTTP/1.1" 404 2614
INFO 2024-04-10 18:47:50,620 autoreload 5336 9568 C:\Users\77017\PycharmProjects\django-project\myproject\myproject\urls.py changed, reloading.
INFO 2024-04-10 18:48:06,532 autoreload 5380 3976 Watching for file changes with StatReloader
WARNING 2024-04-10 18:48:32,289 log 5380 8428 Not Found: /orders/1
WARNING 2024-04-10 18:48:32,292 basehttp 5380 8428 "GET /orders/1 HTTP/1.1" 404 2579
WARNING 2024-04-10 18:48:33,255 log 5380 8428 Not Found: /orders/
WARNING 2024-04-10 18:48:33,261 basehttp 5380 8428 "GET /orders/ HTTP/1.1" 404 2576
INFO 2024-04-10 18:48:37,702 basehttp 5380 8428 "GET /orders/1/year HTTP/1.1" 200 898
INFO 2024-04-10 19:14:35,627 basehttp 5380 5816 "GET / HTTP/1.1" 200 2494
INFO 2024-04-10 20:01:47,054 autoreload 15016 12436 Watching for file changes with StatReloader
INFO 2024-04-10 20:01:51,222 basehttp 15016 8348 "GET / HTTP/1.1" 200 2494
WARNING 2024-04-10 20:01:58,051 log 15016 6136 Not Found: /les3/hello/
WARNING 2024-04-10 20:01:58,052 basehttp 15016 6136 "GET /les3/hello/ HTTP/1.1" 404 2766
ERROR 2024-04-10 20:02:12,095 log 15016 16700 Internal Server Error: /add_product
Traceback (most recent call last):
  File "C:\Users\77017\PycharmProjects\django-project\venv\lib\site-packages\django\core\handlers\exception.py", line 55, in inner
    response = get_response(request)
  File "C:\Users\77017\PycharmProjects\django-project\venv\lib\site-packages\django\core\handlers\base.py", line 197, in _get_response
    response = wrapped_callback(request, *callback_args, **callback_kwargs)
  File "C:\Users\77017\PycharmProjects\django-project\myproject\myapp\views.py", line 58, in add_product
    return render(request, 'myapp/add_product.html', {'form': form})
  File "C:\Users\77017\PycharmProjects\django-project\venv\lib\site-packages\django\shortcuts.py", line 25, in render
    content = loader.render_to_string(template_name, context, request, using=using)
  File "C:\Users\77017\PycharmProjects\django-project\venv\lib\site-packages\django\template\loader.py", line 61, in render_to_string
    template = get_template(template_name, using=using)
  File "C:\Users\77017\PycharmProjects\django-project\venv\lib\site-packages\django\template\loader.py", line 15, in get_template
    return engine.get_template(template_name)
  File "C:\Users\77017\PycharmProjects\django-project\venv\lib\site-packages\django\template\backends\django.py", line 33, in get_template
    return Template(self.engine.get_template(template_name), self)
  File "C:\Users\77017\PycharmProjects\django-project\venv\lib\site-packages\django\template\engine.py", line 177, in get_template
    template, origin = self.find_template(template_name)
  File "C:\Users\77017\PycharmProjects\django-project\venv\lib\site-packages\django\template\engine.py", line 159, in find_template
    template = loader.get_template(name, skip=skip)
  File "C:\Users\77017\PycharmProjects\django-project\venv\lib\site-packages\django\template\loaders\cached.py", line 57, in get_template
    template = super().get_template(template_name, skip)
  File "C:\Users\77017\PycharmProjects\django-project\venv\lib\site-packages\django\template\loaders\base.py", line 28, in get_template
    return Template(
  File "C:\Users\77017\PycharmProjects\django-project\venv\lib\site-packages\django\template\base.py", line 154, in __init__
    self.nodelist = self.compile_nodelist()
  File "C:\Users\77017\PycharmProjects\django-project\venv\lib\site-packages\django\template\base.py", line 196, in compile_nodelist
    return parser.parse()
  File "C:\Users\77017\PycharmProjects\django-project\venv\lib\site-packages\django\template\base.py", line 510, in parse
    raise self.error(token, e)
  File "C:\Users\77017\PycharmProjects\django-project\venv\lib\site-packages\django\template\base.py", line 508, in parse
    compiled_result = compile_func(self, token)
  File "C:\Users\77017\PycharmProjects\django-project\venv\lib\site-packages\django\template\loader_tags.py", line 295, in do_extends
    nodelist = parser.parse()
  File "C:\Users\77017\PycharmProjects\django-project\venv\lib\site-packages\django\template\base.py", line 510, in parse
    raise self.error(token, e)
  File "C:\Users\77017\PycharmProjects\django-project\venv\lib\site-packages\django\template\base.py", line 508, in parse
    compiled_result = compile_func(self, token)
  File "C:\Users\77017\PycharmProjects\django-project\venv\lib\site-packages\django\template\loader_tags.py", line 234, in do_block
    nodelist = parser.parse(("endblock",))
  File "C:\Users\77017\PycharmProjects\django-project\venv\lib\site-packages\django\template\base.py", line 515, in parse
    self.unclosed_block_tag(parse_until)
  File "C:\Users\77017\PycharmProjects\django-project\venv\lib\site-packages\django\template\base.py", line 578, in unclosed_block_tag
    raise self.error(token, msg)
django.template.exceptions.TemplateSyntaxError: Unclosed tag on line 9: 'block'. Looking for one of: endblock.
ERROR 2024-04-10 20:02:12,111 basehttp 15016 16700 "GET /add_product HTTP/1.1" 500 155118
INFO 2024-04-10 20:03:33,937 autoreload 12028 4312 Watching for file changes with StatReloader
INFO 2024-04-10 20:03:36,214 basehttp 12028 15308 "GET / HTTP/1.1" 200 2494
INFO 2024-04-10 20:03:42,013 basehttp 12028 11508 "GET /add_product HTTP/1.1" 200 3115
ERROR 2024-04-10 20:04:00,379 log 12028 23092 Internal Server Error: /add_product
Traceback (most recent call last):
  File "C:\Users\77017\PycharmProjects\django-project\venv\lib\site-packages\django\core\handlers\exception.py", line 55, in inner
    response = get_response(request)
  File "C:\Users\77017\PycharmProjects\django-project\venv\lib\site-packages\django\core\handlers\base.py", line 197, in _get_response
    response = wrapped_callback(request, *callback_args, **callback_kwargs)
  File "C:\Users\77017\PycharmProjects\django-project\myproject\myapp\views.py", line 50, in add_product
    description = form.cleaned_data['description']
KeyError: 'description'
ERROR 2024-04-10 20:04:00,381 basehttp 12028 23092 "POST /add_product HTTP/1.1" 500 68260
ERROR 2024-04-10 20:04:15,187 log 12028 23548 Internal Server Error: /add_product
Traceback (most recent call last):
  File "C:\Users\77017\PycharmProjects\django-project\venv\lib\site-packages\django\core\handlers\exception.py", line 55, in inner
    response = get_response(request)
  File "C:\Users\77017\PycharmProjects\django-project\venv\lib\site-packages\django\core\handlers\base.py", line 197, in _get_response
    response = wrapped_callback(request, *callback_args, **callback_kwargs)
  File "C:\Users\77017\PycharmProjects\django-project\myproject\myapp\views.py", line 50, in add_product
    description = form.cleaned_data['description']
KeyError: 'description'
ERROR 2024-04-10 20:04:15,189 basehttp 12028 23548 "POST /add_product HTTP/1.1" 500 68260
ERROR 2024-04-10 20:04:19,536 log 12028 6180 Internal Server Error: /add_product
Traceback (most recent call last):
  File "C:\Users\77017\PycharmProjects\django-project\venv\lib\site-packages\django\core\handlers\exception.py", line 55, in inner
    response = get_response(request)
  File "C:\Users\77017\PycharmProjects\django-project\venv\lib\site-packages\django\core\handlers\base.py", line 197, in _get_response
    response = wrapped_callback(request, *callback_args, **callback_kwargs)
  File "C:\Users\77017\PycharmProjects\django-project\myproject\myapp\views.py", line 50, in add_product
    description = form.cleaned_data['description']
KeyError: 'description'
ERROR 2024-04-10 20:04:19,538 basehttp 12028 6180 "POST /add_product HTTP/1.1" 500 68260
ERROR 2024-04-10 20:04:27,018 log 12028 8384 Internal Server Error: /add_product
Traceback (most recent call last):
  File "C:\Users\77017\PycharmProjects\django-project\venv\lib\site-packages\django\core\handlers\exception.py", line 55, in inner
    response = get_response(request)
  File "C:\Users\77017\PycharmProjects\django-project\venv\lib\site-packages\django\core\handlers\base.py", line 197, in _get_response
    response = wrapped_callback(request, *callback_args, **callback_kwargs)
  File "C:\Users\77017\PycharmProjects\django-project\myproject\myapp\views.py", line 50, in add_product
    description = form.cleaned_data['description']
KeyError: 'description'
ERROR 2024-04-10 20:04:27,023 basehttp 12028 8384 "POST /add_product HTTP/1.1" 500 68260
INFO 2024-04-11 19:00:59,307 autoreload 21260 14668 Watching for file changes with StatReloader
INFO 2024-04-11 19:01:01,634 basehttp 21260 10888 "GET / HTTP/1.1" 200 2494
WARNING 2024-04-11 19:01:01,853 log 21260 10888 Not Found: /favicon.ico
WARNING 2024-04-11 19:01:01,855 basehttp 21260 10888 "GET /favicon.ico HTTP/1.1" 404 2766
WARNING 2024-04-11 19:01:11,107 log 21260 19960 Not Found: /about
WARNING 2024-04-11 19:01:11,108 basehttp 21260 19960 "GET /about HTTP/1.1" 404 2748
INFO 2024-04-11 19:01:12,651 basehttp 21260 19960 "GET /add_product HTTP/1.1" 200 3347
INFO 2024-04-11 19:01:50,010 views 21260 21108     
INFO 2024-04-11 19:01:50,014 basehttp 21260 21108 "POST /add_product HTTP/1.1" 200 3429
INFO 2024-04-11 19:12:19,152 autoreload 21260 14668 C:\Users\77017\PycharmProjects\django-project\myproject\myapp\forms.py changed, reloading.
INFO 2024-04-11 19:12:19,711 autoreload 6072 1328 Watching for file changes with StatReloader
ERROR 2024-04-11 19:12:30,597 log 6072 19268 Internal Server Error: /add_product
Traceback (most recent call last):
  File "C:\Users\77017\PycharmProjects\django-project\venv\lib\site-packages\django\db\utils.py", line 98, in inner
    return func(*args, **kwargs)
sqlite3.OperationalError: database is locked

The above exception was the direct cause of the following exception:

Traceback (most recent call last):
  File "C:\Users\77017\PycharmProjects\django-project\venv\lib\site-packages\django\core\handlers\exception.py", line 55, in inner
    response = get_response(request)
  File "C:\Users\77017\PycharmProjects\django-project\venv\lib\site-packages\django\core\handlers\base.py", line 197, in _get_response
    response = wrapped_callback(request, *callback_args, **callback_kwargs)
  File "C:\Users\77017\PycharmProjects\django-project\myproject\myapp\views.py", line 54, in add_product
    product.save()
  File "C:\Users\77017\PycharmProjects\django-project\venv\lib\site-packages\django\db\models\base.py", line 822, in save
    self.save_base(
  File "C:\Users\77017\PycharmProjects\django-project\venv\lib\site-packages\django\db\models\base.py", line 909, in save_base
    updated = self._save_table(
  File "C:\Users\77017\PycharmProjects\django-project\venv\lib\site-packages\django\db\models\base.py", line 1067, in _save_table
    results = self._do_insert(
  File "C:\Users\77017\PycharmProjects\django-project\venv\lib\site-packages\django\db\models\base.py", line 1108, in _do_insert
    return manager._insert(
  File "C:\Users\77017\PycharmProjects\django-project\venv\lib\site-packages\django\db\models\manager.py", line 87, in manager_method
    return getattr(self.get_queryset(), name)(*args, **kwargs)
  File "C:\Users\77017\PycharmProjects\django-project\venv\lib\site-packages\django\db\models\query.py", line 1847, in _insert
    return query.get_compiler(using=using).execute_sql(returning_fields)
  File "C:\Users\77017\PycharmProjects\django-project\venv\lib\site-packages\django\db\models\sql\compiler.py", line 1835, in execute_sql
    self.connection.ops.fetch_returned_insert_columns(
  File "C:\Users\77017\PycharmProjects\django-project\venv\lib\site-packages\django\db\backends\base\operations.py", line 216, in fetch_returned_insert_columns
    return cursor.fetchone()
  File "C:\Users\77017\PycharmProjects\django-project\venv\lib\site-packages\django\db\utils.py", line 97, in inner
    with self:
  File "C:\Users\77017\PycharmProjects\django-project\venv\lib\site-packages\django\db\utils.py", line 91, in __exit__
    raise dj_exc_value.with_traceback(traceback) from exc_value
  File "C:\Users\77017\PycharmProjects\django-project\venv\lib\site-packages\django\db\utils.py", line 98, in inner
    return func(*args, **kwargs)
django.db.utils.OperationalError: database is locked
ERROR 2024-04-11 19:12:30,605 basehttp 6072 19268 "POST /add_product HTTP/1.1" 500 127577
INFO 2024-04-11 19:12:34,652 basehttp 6072 19268 "GET /add_product HTTP/1.1" 200 3382
INFO 2024-04-11 19:22:05,157 autoreload 15980 9516 Watching for file changes with StatReloader
INFO 2024-04-11 19:28:13,438 autoreload 15980 9516 C:\Users\77017\PycharmProjects\django-project\myproject\myproject\settings.py changed, reloading.
INFO 2024-04-11 19:28:14,328 autoreload 19792 9816 Watching for file changes with StatReloader
ERROR 2024-04-11 19:28:18,742 log 19792 1796 Internal Server Error: /add_product
Traceback (most recent call last):
  File "C:\Users\77017\PycharmProjects\django-project\venv\lib\site-packages\django\template\backends\django.py", line 61, in render
    return self.template.render(context)
  File "C:\Users\77017\PycharmProjects\django-project\venv\lib\site-packages\django\template\base.py", line 171, in render
    return self._render(context)
  File "C:\Users\77017\PycharmProjects\django-project\venv\lib\site-packages\django\template\base.py", line 163, in _render
    return self.nodelist.render(context)
  File "C:\Users\77017\PycharmProjects\django-project\venv\lib\site-packages\django\template\base.py", line 1000, in render
    return SafeString("".join([node.render_annotated(context) for node in self]))
  File "C:\Users\77017\PycharmProjects\django-project\venv\lib\site-packages\django\template\base.py", line 1000, in <listcomp>
    return SafeString("".join([node.render_annotated(context) for node in self]))
  File "C:\Users\77017\PycharmProjects\django-project\venv\lib\site-packages\django\template\base.py", line 961, in render_annotated
    return self.render(context)
  File "C:\Users\77017\PycharmProjects\django-project\venv\lib\site-packages\django\template\loader_tags.py", line 159, in render
    return compiled_parent._render(context)
  File "C:\Users\77017\PycharmProjects\django-project\venv\lib\site-packages\django\template\base.py", line 163, in _render
    return self.nodelist.render(context)
  File "C:\Users\77017\PycharmProjects\django-project\venv\lib\site-packages\django\template\base.py", line 1000, in render
    return SafeString("".join([node.render_annotated(context) for node in self]))
  File "C:\Users\77017\PycharmProjects\django-project\venv\lib\site-packages\django\template\base.py", line 1000, in <listcomp>
    return SafeString("".join([node.render_annotated(context) for node in self]))
  File "C:\Users\77017\PycharmProjects\django-project\venv\lib\site-packages\django\template\base.py", line 961, in render_annotated
    return self.render(context)
  File "C:\Users\77017\PycharmProjects\django-project\venv\lib\site-packages\django\template\loader_tags.py", line 65, in render
    result = block.nodelist.render(context)
  File "C:\Users\77017\PycharmProjects\django-project\venv\lib\site-packages\django\template\base.py", line 1000, in render
    return SafeString("".join([node.render_annotated(context) for node in self]))
  File "C:\Users\77017\PycharmProjects\django-project\venv\lib\site-packages\django\template\base.py", line 1000, in <listcomp>
    return SafeString("".join([node.render_annotated(context) for node in self]))
  File "C:\Users\77017\PycharmProjects\django-project\venv\lib\site-packages\django\template\base.py", line 961, in render_annotated
    return self.render(context)
  File "C:\Users\77017\PycharmProjects\django-project\venv\lib\site-packages\django\template\base.py", line 1059, in render
    output = self.filter_expression.resolve(context)
  File "C:\Users\77017\PycharmProjects\django-project\venv\lib\site-packages\django\template\base.py", line 737, in resolve
    new_obj = func(obj, *arg_vals)
  File "C:\Users\77017\PycharmProjects\django-project\venv\lib\site-packages\crispy_forms\templatetags\crispy_forms_filters.py", line 58, in as_crispy_form
    template = uni_form_template(template_pack)
  File "C:\Users\77017\PycharmProjects\django-project\venv\lib\site-packages\crispy_forms\templatetags\crispy_forms_filters.py", line 21, in uni_form_template
    return get_template("%s/uni_form.html" % template_pack)
  File "C:\Users\77017\PycharmProjects\django-project\venv\lib\site-packages\django\template\loader.py", line 19, in get_template
    raise TemplateDoesNotExist(template_name, chain=chain)
django.template.exceptions.TemplateDoesNotExist: bootstrap5/uni_form.html

The above exception was the direct cause of the following exception:

Traceback (most recent call last):
  File "C:\Users\77017\PycharmProjects\django-project\venv\lib\site-packages\django\core\handlers\exception.py", line 55, in inner
    response = get_response(request)
  File "C:\Users\77017\PycharmProjects\django-project\venv\lib\site-packages\django\core\handlers\base.py", line 197, in _get_response
    response = wrapped_callback(request, *callback_args, **callback_kwargs)
  File "C:\Users\77017\PycharmProjects\django-project\myproject\myapp\views.py", line 58, in add_product
    return render(request, 'myapp/add_product.html', {'form': form})
  File "C:\Users\77017\PycharmProjects\django-project\venv\lib\site-packages\django\shortcuts.py", line 25, in render
    content = loader.render_to_string(template_name, context, request, using=using)
  File "C:\Users\77017\PycharmProjects\django-project\venv\lib\site-packages\django\template\loader.py", line 62, in render_to_string
    return template.render(context, request)
  File "C:\Users\77017\PycharmProjects\django-project\venv\lib\site-packages\django\template\backends\django.py", line 63, in render
    reraise(exc, self.backend)
  File "C:\Users\77017\PycharmProjects\django-project\venv\lib\site-packages\django\template\backends\django.py", line 84, in reraise
    raise new from exc
django.template.exceptions.TemplateDoesNotExist: bootstrap5/uni_form.html
ERROR 2024-04-11 19:28:18,746 basehttp 19792 1796 "GET /add_product HTTP/1.1" 500 173375
INFO 2024-04-11 19:32:40,478 autoreload 19792 9816 C:\Users\77017\PycharmProjects\django-project\myproject\myproject\settings.py changed, reloading.
INFO 2024-04-11 19:32:41,144 autoreload 1168 2932 Watching for file changes with StatReloader
INFO 2024-04-11 19:32:48,691 basehttp 1168 2816 "GET / HTTP/1.1" 200 2494
ERROR 2024-04-11 19:32:57,560 log 1168 5592 Internal Server Error: /add_product
Traceback (most recent call last):
  File "C:\Users\77017\PycharmProjects\django-project\venv\lib\site-packages\django\template\backends\django.py", line 61, in render
    return self.template.render(context)
  File "C:\Users\77017\PycharmProjects\django-project\venv\lib\site-packages\django\template\base.py", line 171, in render
    return self._render(context)
  File "C:\Users\77017\PycharmProjects\django-project\venv\lib\site-packages\django\template\base.py", line 163, in _render
    return self.nodelist.render(context)
  File "C:\Users\77017\PycharmProjects\django-project\venv\lib\site-packages\django\template\base.py", line 1000, in render
    return SafeString("".join([node.render_annotated(context) for node in self]))
  File "C:\Users\77017\PycharmProjects\django-project\venv\lib\site-packages\django\template\base.py", line 1000, in <listcomp>
    return SafeString("".join([node.render_annotated(context) for node in self]))
  File "C:\Users\77017\PycharmProjects\django-project\venv\lib\site-packages\django\template\base.py", line 961, in render_annotated
    return self.render(context)
  File "C:\Users\77017\PycharmProjects\django-project\venv\lib\site-packages\django\template\loader_tags.py", line 159, in render
    return compiled_parent._render(context)
  File "C:\Users\77017\PycharmProjects\django-project\venv\lib\site-packages\django\template\base.py", line 163, in _render
    return self.nodelist.render(context)
  File "C:\Users\77017\PycharmProjects\django-project\venv\lib\site-packages\django\template\base.py", line 1000, in render
    return SafeString("".join([node.render_annotated(context) for node in self]))
  File "C:\Users\77017\PycharmProjects\django-project\venv\lib\site-packages\django\template\base.py", line 1000, in <listcomp>
    return SafeString("".join([node.render_annotated(context) for node in self]))
  File "C:\Users\77017\PycharmProjects\django-project\venv\lib\site-packages\django\template\base.py", line 961, in render_annotated
    return self.render(context)
  File "C:\Users\77017\PycharmProjects\django-project\venv\lib\site-packages\django\template\loader_tags.py", line 65, in render
    result = block.nodelist.render(context)
  File "C:\Users\77017\PycharmProjects\django-project\venv\lib\site-packages\django\template\base.py", line 1000, in render
    return SafeString("".join([node.render_annotated(context) for node in self]))
  File "C:\Users\77017\PycharmProjects\django-project\venv\lib\site-packages\django\template\base.py", line 1000, in <listcomp>
    return SafeString("".join([node.render_annotated(context) for node in self]))
  File "C:\Users\77017\PycharmProjects\django-project\venv\lib\site-packages\django\template\base.py", line 961, in render_annotated
    return self.render(context)
  File "C:\Users\77017\PycharmProjects\django-project\venv\lib\site-packages\django\template\base.py", line 1059, in render
    output = self.filter_expression.resolve(context)
  File "C:\Users\77017\PycharmProjects\django-project\venv\lib\site-packages\django\template\base.py", line 737, in resolve
    new_obj = func(obj, *arg_vals)
  File "C:\Users\77017\PycharmProjects\django-project\venv\lib\site-packages\crispy_forms\templatetags\crispy_forms_filters.py", line 58, in as_crispy_form
    template = uni_form_template(template_pack)
  File "C:\Users\77017\PycharmProjects\django-project\venv\lib\site-packages\crispy_forms\templatetags\crispy_forms_filters.py", line 21, in uni_form_template
    return get_template("%s/uni_form.html" % template_pack)
  File "C:\Users\77017\PycharmProjects\django-project\venv\lib\site-packages\django\template\loader.py", line 19, in get_template
    raise TemplateDoesNotExist(template_name, chain=chain)
django.template.exceptions.TemplateDoesNotExist: bootstrap4/uni_form.html

The above exception was the direct cause of the following exception:

Traceback (most recent call last):
  File "C:\Users\77017\PycharmProjects\django-project\venv\lib\site-packages\django\core\handlers\exception.py", line 55, in inner
    response = get_response(request)
  File "C:\Users\77017\PycharmProjects\django-project\venv\lib\site-packages\django\core\handlers\base.py", line 197, in _get_response
    response = wrapped_callback(request, *callback_args, **callback_kwargs)
  File "C:\Users\77017\PycharmProjects\django-project\myproject\myapp\views.py", line 58, in add_product
    return render(request, 'myapp/add_product.html', {'form': form})
  File "C:\Users\77017\PycharmProjects\django-project\venv\lib\site-packages\django\shortcuts.py", line 25, in render
    content = loader.render_to_string(template_name, context, request, using=using)
  File "C:\Users\77017\PycharmProjects\django-project\venv\lib\site-packages\django\template\loader.py", line 62, in render_to_string
    return template.render(context, request)
  File "C:\Users\77017\PycharmProjects\django-project\venv\lib\site-packages\django\template\backends\django.py", line 63, in render
    reraise(exc, self.backend)
  File "C:\Users\77017\PycharmProjects\django-project\venv\lib\site-packages\django\template\backends\django.py", line 84, in reraise
    raise new from exc
django.template.exceptions.TemplateDoesNotExist: bootstrap4/uni_form.html
ERROR 2024-04-11 19:32:57,566 basehttp 1168 5592 "GET /add_product HTTP/1.1" 500 173238
INFO 2024-04-11 19:35:03,194 autoreload 16028 5668 Watching for file changes with StatReloader
ERROR 2024-04-11 19:35:09,778 log 16028 11208 Internal Server Error: /add_product
Traceback (most recent call last):
  File "C:\Users\77017\PycharmProjects\django-project\venv\lib\site-packages\django\template\backends\django.py", line 61, in render
    return self.template.render(context)
  File "C:\Users\77017\PycharmProjects\django-project\venv\lib\site-packages\django\template\base.py", line 171, in render
    return self._render(context)
  File "C:\Users\77017\PycharmProjects\django-project\venv\lib\site-packages\django\template\base.py", line 163, in _render
    return self.nodelist.render(context)
  File "C:\Users\77017\PycharmProjects\django-project\venv\lib\site-packages\django\template\base.py", line 1000, in render
    return SafeString("".join([node.render_annotated(context) for node in self]))
  File "C:\Users\77017\PycharmProjects\django-project\venv\lib\site-packages\django\template\base.py", line 1000, in <listcomp>
    return SafeString("".join([node.render_annotated(context) for node in self]))
  File "C:\Users\77017\PycharmProjects\django-project\venv\lib\site-packages\django\template\base.py", line 961, in render_annotated
    return self.render(context)
  File "C:\Users\77017\PycharmProjects\django-project\venv\lib\site-packages\django\template\loader_tags.py", line 159, in render
    return compiled_parent._render(context)
  File "C:\Users\77017\PycharmProjects\django-project\venv\lib\site-packages\django\template\base.py", line 163, in _render
    return self.nodelist.render(context)
  File "C:\Users\77017\PycharmProjects\django-project\venv\lib\site-packages\django\template\base.py", line 1000, in render
    return SafeString("".join([node.render_annotated(context) for node in self]))
  File "C:\Users\77017\PycharmProjects\django-project\venv\lib\site-packages\django\template\base.py", line 1000, in <listcomp>
    return SafeString("".join([node.render_annotated(context) for node in self]))
  File "C:\Users\77017\PycharmProjects\django-project\venv\lib\site-packages\django\template\base.py", line 961, in render_annotated
    return self.render(context)
  File "C:\Users\77017\PycharmProjects\django-project\venv\lib\site-packages\django\template\loader_tags.py", line 65, in render
    result = block.nodelist.render(context)
  File "C:\Users\77017\PycharmProjects\django-project\venv\lib\site-packages\django\template\base.py", line 1000, in render
    return SafeString("".join([node.render_annotated(context) for node in self]))
  File "C:\Users\77017\PycharmProjects\django-project\venv\lib\site-packages\django\template\base.py", line 1000, in <listcomp>
    return SafeString("".join([node.render_annotated(context) for node in self]))
  File "C:\Users\77017\PycharmProjects\django-project\venv\lib\site-packages\django\template\base.py", line 961, in render_annotated
    return self.render(context)
  File "C:\Users\77017\PycharmProjects\django-project\venv\lib\site-packages\django\template\base.py", line 1059, in render
    output = self.filter_expression.resolve(context)
  File "C:\Users\77017\PycharmProjects\django-project\venv\lib\site-packages\django\template\base.py", line 737, in resolve
    new_obj = func(obj, *arg_vals)
  File "C:\Users\77017\PycharmProjects\django-project\venv\lib\site-packages\crispy_forms\templatetags\crispy_forms_filters.py", line 58, in as_crispy_form
    template = uni_form_template(template_pack)
  File "C:\Users\77017\PycharmProjects\django-project\venv\lib\site-packages\crispy_forms\templatetags\crispy_forms_filters.py", line 21, in uni_form_template
    return get_template("%s/uni_form.html" % template_pack)
  File "C:\Users\77017\PycharmProjects\django-project\venv\lib\site-packages\django\template\loader.py", line 19, in get_template
    raise TemplateDoesNotExist(template_name, chain=chain)
django.template.exceptions.TemplateDoesNotExist: bootstrap4/uni_form.html

The above exception was the direct cause of the following exception:

Traceback (most recent call last):
  File "C:\Users\77017\PycharmProjects\django-project\venv\lib\site-packages\django\core\handlers\exception.py", line 55, in inner
    response = get_response(request)
  File "C:\Users\77017\PycharmProjects\django-project\venv\lib\site-packages\django\core\handlers\base.py", line 197, in _get_response
    response = wrapped_callback(request, *callback_args, **callback_kwargs)
  File "C:\Users\77017\PycharmProjects\django-project\myproject\myapp\views.py", line 58, in add_product
    return render(request, 'myapp/add_product.html', {'form': form})
  File "C:\Users\77017\PycharmProjects\django-project\venv\lib\site-packages\django\shortcuts.py", line 25, in render
    content = loader.render_to_string(template_name, context, request, using=using)
  File "C:\Users\77017\PycharmProjects\django-project\venv\lib\site-packages\django\template\loader.py", line 62, in render_to_string
    return template.render(context, request)
  File "C:\Users\77017\PycharmProjects\django-project\venv\lib\site-packages\django\template\backends\django.py", line 63, in render
    reraise(exc, self.backend)
  File "C:\Users\77017\PycharmProjects\django-project\venv\lib\site-packages\django\template\backends\django.py", line 84, in reraise
    raise new from exc
django.template.exceptions.TemplateDoesNotExist: bootstrap4/uni_form.html
ERROR 2024-04-11 19:35:09,782 basehttp 16028 11208 "GET /add_product HTTP/1.1" 500 173375
INFO 2024-04-11 19:36:44,323 autoreload 12604 5096 Watching for file changes with StatReloader
INFO 2024-04-11 19:36:52,145 basehttp 12604 11680 "GET / HTTP/1.1" 200 2494
ERROR 2024-04-11 19:36:56,786 log 12604 11680 Internal Server Error: /add_product
Traceback (most recent call last):
  File "C:\Users\77017\PycharmProjects\django-project\venv\lib\site-packages\django\template\backends\django.py", line 61, in render
    return self.template.render(context)
  File "C:\Users\77017\PycharmProjects\django-project\venv\lib\site-packages\django\template\base.py", line 171, in render
    return self._render(context)
  File "C:\Users\77017\PycharmProjects\django-project\venv\lib\site-packages\django\template\base.py", line 163, in _render
    return self.nodelist.render(context)
  File "C:\Users\77017\PycharmProjects\django-project\venv\lib\site-packages\django\template\base.py", line 1000, in render
    return SafeString("".join([node.render_annotated(context) for node in self]))
  File "C:\Users\77017\PycharmProjects\django-project\venv\lib\site-packages\django\template\base.py", line 1000, in <listcomp>
    return SafeString("".join([node.render_annotated(context) for node in self]))
  File "C:\Users\77017\PycharmProjects\django-project\venv\lib\site-packages\django\template\base.py", line 961, in render_annotated
    return self.render(context)
  File "C:\Users\77017\PycharmProjects\django-project\venv\lib\site-packages\django\template\loader_tags.py", line 159, in render
    return compiled_parent._render(context)
  File "C:\Users\77017\PycharmProjects\django-project\venv\lib\site-packages\django\template\base.py", line 163, in _render
    return self.nodelist.render(context)
  File "C:\Users\77017\PycharmProjects\django-project\venv\lib\site-packages\django\template\base.py", line 1000, in render
    return SafeString("".join([node.render_annotated(context) for node in self]))
  File "C:\Users\77017\PycharmProjects\django-project\venv\lib\site-packages\django\template\base.py", line 1000, in <listcomp>
    return SafeString("".join([node.render_annotated(context) for node in self]))
  File "C:\Users\77017\PycharmProjects\django-project\venv\lib\site-packages\django\template\base.py", line 961, in render_annotated
    return self.render(context)
  File "C:\Users\77017\PycharmProjects\django-project\venv\lib\site-packages\django\template\loader_tags.py", line 65, in render
    result = block.nodelist.render(context)
  File "C:\Users\77017\PycharmProjects\django-project\venv\lib\site-packages\django\template\base.py", line 1000, in render
    return SafeString("".join([node.render_annotated(context) for node in self]))
  File "C:\Users\77017\PycharmProjects\django-project\venv\lib\site-packages\django\template\base.py", line 1000, in <listcomp>
    return SafeString("".join([node.render_annotated(context) for node in self]))
  File "C:\Users\77017\PycharmProjects\django-project\venv\lib\site-packages\django\template\base.py", line 961, in render_annotated
    return self.render(context)
  File "C:\Users\77017\PycharmProjects\django-project\venv\lib\site-packages\crispy_forms\templatetags\crispy_forms_tags.py", line 207, in render
    template = whole_uni_form_template(self.template_pack)
  File "C:\Users\77017\PycharmProjects\django-project\venv\lib\site-packages\crispy_forms\templatetags\crispy_forms_tags.py", line 194, in whole_uni_form_template
    return get_template("%s/whole_uni_form.html" % template_pack)
  File "C:\Users\77017\PycharmProjects\django-project\venv\lib\site-packages\django\template\loader.py", line 19, in get_template
    raise TemplateDoesNotExist(template_name, chain=chain)
django.template.exceptions.TemplateDoesNotExist: bootstrap4/whole_uni_form.html

The above exception was the direct cause of the following exception:

Traceback (most recent call last):
  File "C:\Users\77017\PycharmProjects\django-project\venv\lib\site-packages\django\core\handlers\exception.py", line 55, in inner
    response = get_response(request)
  File "C:\Users\77017\PycharmProjects\django-project\venv\lib\site-packages\django\core\handlers\base.py", line 197, in _get_response
    response = wrapped_callback(request, *callback_args, **callback_kwargs)
  File "C:\Users\77017\PycharmProjects\django-project\myproject\myapp\views.py", line 58, in add_product
    return render(request, 'myapp/add_product.html', {'form': form})
  File "C:\Users\77017\PycharmProjects\django-project\venv\lib\site-packages\django\shortcuts.py", line 25, in render
    content = loader.render_to_string(template_name, context, request, using=using)
  File "C:\Users\77017\PycharmProjects\django-project\venv\lib\site-packages\django\template\loader.py", line 62, in render_to_string
    return template.render(context, request)
  File "C:\Users\77017\PycharmProjects\django-project\venv\lib\site-packages\django\template\backends\django.py", line 63, in render
    reraise(exc, self.backend)
  File "C:\Users\77017\PycharmProjects\django-project\venv\lib\site-packages\django\template\backends\django.py", line 84, in reraise
    raise new from exc
django.template.exceptions.TemplateDoesNotExist: bootstrap4/whole_uni_form.html
ERROR 2024-04-11 19:36:56,790 basehttp 12604 11680 "GET /add_product HTTP/1.1" 500 166822
INFO 2024-04-11 19:38:07,436 autoreload 13772 15208 Watching for file changes with StatReloader
INFO 2024-04-11 19:38:08,857 basehttp 13772 19132 "GET / HTTP/1.1" 200 2494
ERROR 2024-04-11 19:38:14,491 log 13772 19132 Internal Server Error: /add_product
Traceback (most recent call last):
  File "C:\Users\77017\PycharmProjects\django-project\venv\lib\site-packages\django\template\backends\django.py", line 61, in render
    return self.template.render(context)
  File "C:\Users\77017\PycharmProjects\django-project\venv\lib\site-packages\django\template\base.py", line 171, in render
    return self._render(context)
  File "C:\Users\77017\PycharmProjects\django-project\venv\lib\site-packages\django\template\base.py", line 163, in _render
    return self.nodelist.render(context)
  File "C:\Users\77017\PycharmProjects\django-project\venv\lib\site-packages\django\template\base.py", line 1000, in render
    return SafeString("".join([node.render_annotated(context) for node in self]))
  File "C:\Users\77017\PycharmProjects\django-project\venv\lib\site-packages\django\template\base.py", line 1000, in <listcomp>
    return SafeString("".join([node.render_annotated(context) for node in self]))
  File "C:\Users\77017\PycharmProjects\django-project\venv\lib\site-packages\django\template\base.py", line 961, in render_annotated
    return self.render(context)
  File "C:\Users\77017\PycharmProjects\django-project\venv\lib\site-packages\django\template\loader_tags.py", line 159, in render
    return compiled_parent._render(context)
  File "C:\Users\77017\PycharmProjects\django-project\venv\lib\site-packages\django\template\base.py", line 163, in _render
    return self.nodelist.render(context)
  File "C:\Users\77017\PycharmProjects\django-project\venv\lib\site-packages\django\template\base.py", line 1000, in render
    return SafeString("".join([node.render_annotated(context) for node in self]))
  File "C:\Users\77017\PycharmProjects\django-project\venv\lib\site-packages\django\template\base.py", line 1000, in <listcomp>
    return SafeString("".join([node.render_annotated(context) for node in self]))
  File "C:\Users\77017\PycharmProjects\django-project\venv\lib\site-packages\django\template\base.py", line 961, in render_annotated
    return self.render(context)
  File "C:\Users\77017\PycharmProjects\django-project\venv\lib\site-packages\django\template\loader_tags.py", line 65, in render
    result = block.nodelist.render(context)
  File "C:\Users\77017\PycharmProjects\django-project\venv\lib\site-packages\django\template\base.py", line 1000, in render
    return SafeString("".join([node.render_annotated(context) for node in self]))
  File "C:\Users\77017\PycharmProjects\django-project\venv\lib\site-packages\django\template\base.py", line 1000, in <listcomp>
    return SafeString("".join([node.render_annotated(context) for node in self]))
  File "C:\Users\77017\PycharmProjects\django-project\venv\lib\site-packages\django\template\base.py", line 961, in render_annotated
    return self.render(context)
  File "C:\Users\77017\PycharmProjects\django-project\venv\lib\site-packages\crispy_forms\templatetags\crispy_forms_tags.py", line 207, in render
    template = whole_uni_form_template(self.template_pack)
  File "C:\Users\77017\PycharmProjects\django-project\venv\lib\site-packages\crispy_forms\templatetags\crispy_forms_tags.py", line 194, in whole_uni_form_template
    return get_template("%s/whole_uni_form.html" % template_pack)
  File "C:\Users\77017\PycharmProjects\django-project\venv\lib\site-packages\django\template\loader.py", line 19, in get_template
    raise TemplateDoesNotExist(template_name, chain=chain)
django.template.exceptions.TemplateDoesNotExist: bootstrap4/whole_uni_form.html

The above exception was the direct cause of the following exception:

Traceback (most recent call last):
  File "C:\Users\77017\PycharmProjects\django-project\venv\lib\site-packages\django\core\handlers\exception.py", line 55, in inner
    response = get_response(request)
  File "C:\Users\77017\PycharmProjects\django-project\venv\lib\site-packages\django\core\handlers\base.py", line 197, in _get_response
    response = wrapped_callback(request, *callback_args, **callback_kwargs)
  File "C:\Users\77017\PycharmProjects\django-project\myproject\myapp\views.py", line 58, in add_product
    return render(request, 'myapp/add_product.html', {'form': form})
  File "C:\Users\77017\PycharmProjects\django-project\venv\lib\site-packages\django\shortcuts.py", line 25, in render
    content = loader.render_to_string(template_name, context, request, using=using)
  File "C:\Users\77017\PycharmProjects\django-project\venv\lib\site-packages\django\template\loader.py", line 62, in render_to_string
    return template.render(context, request)
  File "C:\Users\77017\PycharmProjects\django-project\venv\lib\site-packages\django\template\backends\django.py", line 63, in render
    reraise(exc, self.backend)
  File "C:\Users\77017\PycharmProjects\django-project\venv\lib\site-packages\django\template\backends\django.py", line 84, in reraise
    raise new from exc
django.template.exceptions.TemplateDoesNotExist: bootstrap4/whole_uni_form.html
ERROR 2024-04-11 19:38:14,497 basehttp 13772 19132 "GET /add_product HTTP/1.1" 500 167096
ERROR 2024-04-11 19:38:15,333 log 13772 19132 Internal Server Error: /add_product
Traceback (most recent call last):
  File "C:\Users\77017\PycharmProjects\django-project\venv\lib\site-packages\django\template\backends\django.py", line 61, in render
    return self.template.render(context)
  File "C:\Users\77017\PycharmProjects\django-project\venv\lib\site-packages\django\template\base.py", line 171, in render
    return self._render(context)
  File "C:\Users\77017\PycharmProjects\django-project\venv\lib\site-packages\django\template\base.py", line 163, in _render
    return self.nodelist.render(context)
  File "C:\Users\77017\PycharmProjects\django-project\venv\lib\site-packages\django\template\base.py", line 1000, in render
    return SafeString("".join([node.render_annotated(context) for node in self]))
  File "C:\Users\77017\PycharmProjects\django-project\venv\lib\site-packages\django\template\base.py", line 1000, in <listcomp>
    return SafeString("".join([node.render_annotated(context) for node in self]))
  File "C:\Users\77017\PycharmProjects\django-project\venv\lib\site-packages\django\template\base.py", line 961, in render_annotated
    return self.render(context)
  File "C:\Users\77017\PycharmProjects\django-project\venv\lib\site-packages\django\template\loader_tags.py", line 159, in render
    return compiled_parent._render(context)
  File "C:\Users\77017\PycharmProjects\django-project\venv\lib\site-packages\django\template\base.py", line 163, in _render
    return self.nodelist.render(context)
  File "C:\Users\77017\PycharmProjects\django-project\venv\lib\site-packages\django\template\base.py", line 1000, in render
    return SafeString("".join([node.render_annotated(context) for node in self]))
  File "C:\Users\77017\PycharmProjects\django-project\venv\lib\site-packages\django\template\base.py", line 1000, in <listcomp>
    return SafeString("".join([node.render_annotated(context) for node in self]))
  File "C:\Users\77017\PycharmProjects\django-project\venv\lib\site-packages\django\template\base.py", line 961, in render_annotated
    return self.render(context)
  File "C:\Users\77017\PycharmProjects\django-project\venv\lib\site-packages\django\template\loader_tags.py", line 65, in render
    result = block.nodelist.render(context)
  File "C:\Users\77017\PycharmProjects\django-project\venv\lib\site-packages\django\template\base.py", line 1000, in render
    return SafeString("".join([node.render_annotated(context) for node in self]))
  File "C:\Users\77017\PycharmProjects\django-project\venv\lib\site-packages\django\template\base.py", line 1000, in <listcomp>
    return SafeString("".join([node.render_annotated(context) for node in self]))
  File "C:\Users\77017\PycharmProjects\django-project\venv\lib\site-packages\django\template\base.py", line 961, in render_annotated
    return self.render(context)
  File "C:\Users\77017\PycharmProjects\django-project\venv\lib\site-packages\crispy_forms\templatetags\crispy_forms_tags.py", line 207, in render
    template = whole_uni_form_template(self.template_pack)
  File "C:\Users\77017\PycharmProjects\django-project\venv\lib\site-packages\crispy_forms\templatetags\crispy_forms_tags.py", line 194, in whole_uni_form_template
    return get_template("%s/whole_uni_form.html" % template_pack)
  File "C:\Users\77017\PycharmProjects\django-project\venv\lib\site-packages\django\template\loader.py", line 19, in get_template
    raise TemplateDoesNotExist(template_name, chain=chain)
django.template.exceptions.TemplateDoesNotExist: bootstrap4/whole_uni_form.html

The above exception was the direct cause of the following exception:

Traceback (most recent call last):
  File "C:\Users\77017\PycharmProjects\django-project\venv\lib\site-packages\django\core\handlers\exception.py", line 55, in inner
    response = get_response(request)
  File "C:\Users\77017\PycharmProjects\django-project\venv\lib\site-packages\django\core\handlers\base.py", line 197, in _get_response
    response = wrapped_callback(request, *callback_args, **callback_kwargs)
  File "C:\Users\77017\PycharmProjects\django-project\myproject\myapp\views.py", line 58, in add_product
    return render(request, 'myapp/add_product.html', {'form': form})
  File "C:\Users\77017\PycharmProjects\django-project\venv\lib\site-packages\django\shortcuts.py", line 25, in render
    content = loader.render_to_string(template_name, context, request, using=using)
  File "C:\Users\77017\PycharmProjects\django-project\venv\lib\site-packages\django\template\loader.py", line 62, in render_to_string
    return template.render(context, request)
  File "C:\Users\77017\PycharmProjects\django-project\venv\lib\site-packages\django\template\backends\django.py", line 63, in render
    reraise(exc, self.backend)
  File "C:\Users\77017\PycharmProjects\django-project\venv\lib\site-packages\django\template\backends\django.py", line 84, in reraise
    raise new from exc
django.template.exceptions.TemplateDoesNotExist: bootstrap4/whole_uni_form.html
ERROR 2024-04-11 19:38:15,338 basehttp 13772 19132 "GET /add_product HTTP/1.1" 500 166822
INFO 2024-04-11 19:45:12,935 autoreload 15108 3384 Watching for file changes with StatReloader
INFO 2024-04-11 19:45:14,343 basehttp 15108 14248 "GET / HTTP/1.1" 200 2494
INFO 2024-04-11 19:45:19,761 basehttp 15108 14064 "GET /add_product HTTP/1.1" 200 4131
INFO 2024-04-11 19:53:09,781 basehttp 15108 14100 "GET /add_product HTTP/1.1" 200 4131
INFO 2024-04-12 15:42:11,180 autoreload 16968 11548 Watching for file changes with StatReloader
INFO 2024-04-12 15:42:39,818 autoreload 3408 12320 Watching for file changes with StatReloader
INFO 2024-04-12 15:42:42,884 basehttp 3408 11564 "GET / HTTP/1.1" 200 2494
WARNING 2024-04-12 15:42:43,145 log 3408 11564 Not Found: /favicon.ico
WARNING 2024-04-12 15:42:43,146 basehttp 3408 11564 "GET /favicon.ico HTTP/1.1" 404 2766
INFO 2024-04-12 15:42:47,720 basehttp 3408 11564 "GET /add_product HTTP/1.1" 200 5133
INFO 2024-04-12 15:46:33,002 basehttp 3408 16708 "GET /add_product HTTP/1.1" 200 5133
INFO 2024-04-12 15:46:34,060 basehttp 3408 16708 "GET /add_product HTTP/1.1" 200 5133
INFO 2024-04-12 15:49:04,486 autoreload 20844 12344 Watching for file changes with StatReloader
INFO 2024-04-12 15:49:06,077 basehttp 20844 3340 "GET / HTTP/1.1" 200 2494
INFO 2024-04-12 15:49:16,069 basehttp 20844 6884 "GET /add_product HTTP/1.1" 200 5163
INFO 2024-04-12 16:03:03,070 autoreload 20228 17628 Watching for file changes with StatReloader
INFO 2024-04-12 16:03:07,212 basehttp 20228 17136 "GET / HTTP/1.1" 200 2494
INFO 2024-04-12 16:03:12,549 basehttp 20228 17432 "GET /add_product HTTP/1.1" 200 5163
INFO 2024-04-12 16:05:48,318 autoreload 19532 12500 Watching for file changes with StatReloader
INFO 2024-04-12 16:05:51,370 basehttp 19532 20304 "GET /add_product HTTP/1.1" 200 5134
INFO 2024-04-12 16:06:14,739 autoreload 12544 18340 Watching for file changes with StatReloader
INFO 2024-04-12 16:06:16,026 basehttp 12544 13744 "GET / HTTP/1.1" 200 2494
INFO 2024-04-12 16:06:20,027 basehttp 12544 13744 "GET /add_product HTTP/1.1" 200 4133
INFO 2024-04-12 16:09:49,566 basehttp 12544 3692 "GET /add_product HTTP/1.1" 200 3598
ERROR 2024-04-12 16:10:30,573 log 12544 4040 Internal Server Error: /add_product
Traceback (most recent call last):
  File "C:\Users\77017\PycharmProjects\django-project\venv\lib\site-packages\django\template\base.py", line 502, in parse
    compile_func = self.tags[command]
KeyError: 'from'

During handling of the above exception, another exception occurred:

Traceback (most recent call last):
  File "C:\Users\77017\PycharmProjects\django-project\venv\lib\site-packages\django\core\handlers\exception.py", line 55, in inner
    response = get_response(request)
  File "C:\Users\77017\PycharmProjects\django-project\venv\lib\site-packages\django\core\handlers\base.py", line 197, in _get_response
    response = wrapped_callback(request, *callback_args, **callback_kwargs)
  File "C:\Users\77017\PycharmProjects\django-project\myproject\myapp\views.py", line 59, in add_product
    return render(request, 'myapp/add_product.html', {'form': form})
  File "C:\Users\77017\PycharmProjects\django-project\venv\lib\site-packages\django\shortcuts.py", line 25, in render
    content = loader.render_to_string(template_name, context, request, using=using)
  File "C:\Users\77017\PycharmProjects\django-project\venv\lib\site-packages\django\template\loader.py", line 61, in render_to_string
    template = get_template(template_name, using=using)
  File "C:\Users\77017\PycharmProjects\django-project\venv\lib\site-packages\django\template\loader.py", line 15, in get_template
    return engine.get_template(template_name)
  File "C:\Users\77017\PycharmProjects\django-project\venv\lib\site-packages\django\template\backends\django.py", line 33, in get_template
    return Template(self.engine.get_template(template_name), self)
  File "C:\Users\77017\PycharmProjects\django-project\venv\lib\site-packages\django\template\engine.py", line 177, in get_template
    template, origin = self.find_template(template_name)
  File "C:\Users\77017\PycharmProjects\django-project\venv\lib\site-packages\django\template\engine.py", line 159, in find_template
    template = loader.get_template(name, skip=skip)
  File "C:\Users\77017\PycharmProjects\django-project\venv\lib\site-packages\django\template\loaders\cached.py", line 57, in get_template
    template = super().get_template(template_name, skip)
  File "C:\Users\77017\PycharmProjects\django-project\venv\lib\site-packages\django\template\loaders\base.py", line 28, in get_template
    return Template(
  File "C:\Users\77017\PycharmProjects\django-project\venv\lib\site-packages\django\template\base.py", line 154, in __init__
    self.nodelist = self.compile_nodelist()
  File "C:\Users\77017\PycharmProjects\django-project\venv\lib\site-packages\django\template\base.py", line 196, in compile_nodelist
    return parser.parse()
  File "C:\Users\77017\PycharmProjects\django-project\venv\lib\site-packages\django\template\base.py", line 510, in parse
    raise self.error(token, e)
  File "C:\Users\77017\PycharmProjects\django-project\venv\lib\site-packages\django\template\base.py", line 508, in parse
    compiled_result = compile_func(self, token)
  File "C:\Users\77017\PycharmProjects\django-project\venv\lib\site-packages\django\template\loader_tags.py", line 295, in do_extends
    nodelist = parser.parse()
  File "C:\Users\77017\PycharmProjects\django-project\venv\lib\site-packages\django\template\base.py", line 510, in parse
    raise self.error(token, e)
  File "C:\Users\77017\PycharmProjects\django-project\venv\lib\site-packages\django\template\base.py", line 508, in parse
    compiled_result = compile_func(self, token)
  File "C:\Users\77017\PycharmProjects\django-project\venv\lib\site-packages\django\template\loader_tags.py", line 234, in do_block
    nodelist = parser.parse(("endblock",))
  File "C:\Users\77017\PycharmProjects\django-project\venv\lib\site-packages\django\template\base.py", line 504, in parse
    self.invalid_block_tag(token, command, parse_until)
  File "C:\Users\77017\PycharmProjects\django-project\venv\lib\site-packages\django\template\base.py", line 555, in invalid_block_tag
    raise self.error(
django.template.exceptions.TemplateSyntaxError: Invalid block tag on line 8: 'from', expected 'endblock'. Did you forget to register or load this tag?
ERROR 2024-04-12 16:10:30,576 basehttp 12544 4040 "GET /add_product HTTP/1.1" 500 170419
ERROR 2024-04-12 16:10:46,755 log 12544 7548 Internal Server Error: /add_product
Traceback (most recent call last):
  File "C:\Users\77017\PycharmProjects\django-project\venv\lib\site-packages\django\template\base.py", line 502, in parse
    compile_func = self.tags[command]
KeyError: 'form'

During handling of the above exception, another exception occurred:

Traceback (most recent call last):
  File "C:\Users\77017\PycharmProjects\django-project\venv\lib\site-packages\django\core\handlers\exception.py", line 55, in inner
    response = get_response(request)
  File "C:\Users\77017\PycharmProjects\django-project\venv\lib\site-packages\django\core\handlers\base.py", line 197, in _get_response
    response = wrapped_callback(request, *callback_args, **callback_kwargs)
  File "C:\Users\77017\PycharmProjects\django-project\myproject\myapp\views.py", line 59, in add_product
    return render(request, 'myapp/add_product.html', {'form': form})
  File "C:\Users\77017\PycharmProjects\django-project\venv\lib\site-packages\django\shortcuts.py", line 25, in render
    content = loader.render_to_string(template_name, context, request, using=using)
  File "C:\Users\77017\PycharmProjects\django-project\venv\lib\site-packages\django\template\loader.py", line 61, in render_to_string
    template = get_template(template_name, using=using)
  File "C:\Users\77017\PycharmProjects\django-project\venv\lib\site-packages\django\template\loader.py", line 15, in get_template
    return engine.get_template(template_name)
  File "C:\Users\77017\PycharmProjects\django-project\venv\lib\site-packages\django\template\backends\django.py", line 33, in get_template
    return Template(self.engine.get_template(template_name), self)
  File "C:\Users\77017\PycharmProjects\django-project\venv\lib\site-packages\django\template\engine.py", line 177, in get_template
    template, origin = self.find_template(template_name)
  File "C:\Users\77017\PycharmProjects\django-project\venv\lib\site-packages\django\template\engine.py", line 159, in find_template
    template = loader.get_template(name, skip=skip)
  File "C:\Users\77017\PycharmProjects\django-project\venv\lib\site-packages\django\template\loaders\cached.py", line 57, in get_template
    template = super().get_template(template_name, skip)
  File "C:\Users\77017\PycharmProjects\django-project\venv\lib\site-packages\django\template\loaders\base.py", line 28, in get_template
    return Template(
  File "C:\Users\77017\PycharmProjects\django-project\venv\lib\site-packages\django\template\base.py", line 154, in __init__
    self.nodelist = self.compile_nodelist()
  File "C:\Users\77017\PycharmProjects\django-project\venv\lib\site-packages\django\template\base.py", line 196, in compile_nodelist
    return parser.parse()
  File "C:\Users\77017\PycharmProjects\django-project\venv\lib\site-packages\django\template\base.py", line 510, in parse
    raise self.error(token, e)
  File "C:\Users\77017\PycharmProjects\django-project\venv\lib\site-packages\django\template\base.py", line 508, in parse
    compiled_result = compile_func(self, token)
  File "C:\Users\77017\PycharmProjects\django-project\venv\lib\site-packages\django\template\loader_tags.py", line 295, in do_extends
    nodelist = parser.parse()
  File "C:\Users\77017\PycharmProjects\django-project\venv\lib\site-packages\django\template\base.py", line 510, in parse
    raise self.error(token, e)
  File "C:\Users\77017\PycharmProjects\django-project\venv\lib\site-packages\django\template\base.py", line 508, in parse
    compiled_result = compile_func(self, token)
  File "C:\Users\77017\PycharmProjects\django-project\venv\lib\site-packages\django\template\loader_tags.py", line 234, in do_block
    nodelist = parser.parse(("endblock",))
  File "C:\Users\77017\PycharmProjects\django-project\venv\lib\site-packages\django\template\base.py", line 504, in parse
    self.invalid_block_tag(token, command, parse_until)
  File "C:\Users\77017\PycharmProjects\django-project\venv\lib\site-packages\django\template\base.py", line 555, in invalid_block_tag
    raise self.error(
django.template.exceptions.TemplateSyntaxError: Invalid block tag on line 8: 'form', expected 'endblock'. Did you forget to register or load this tag?
ERROR 2024-04-12 16:10:46,757 basehttp 12544 7548 "GET /add_product HTTP/1.1" 500 170419
INFO 2024-04-12 16:14:27,548 basehttp 12544 21064 "GET /add_product HTTP/1.1" 200 4132
INFO 2024-04-12 16:24:17,555 basehttp 12544 4532 "GET /add_product HTTP/1.1" 200 3980
INFO 2024-04-12 16:24:19,132 basehttp 12544 4532 "GET /add_product HTTP/1.1" 200 3980
INFO 2024-04-12 16:24:35,892 autoreload 6952 15056 Watching for file changes with StatReloader
INFO 2024-04-12 16:24:44,549 basehttp 6952 17908 "GET / HTTP/1.1" 200 2494
INFO 2024-04-12 16:24:47,082 basehttp 6952 17908 "GET /add_product HTTP/1.1" 200 3980
INFO 2024-04-12 16:25:31,169 views 6952 21096     
INFO 2024-04-12 16:25:31,173 basehttp 6952 21096 "POST /add_product HTTP/1.1" 200 4030
INFO 2024-04-12 16:39:15,830 autoreload 9892 4836 Watching for file changes with StatReloader
INFO 2024-04-12 16:39:17,925 basehttp 9892 6856 "GET / HTTP/1.1" 200 2494
INFO 2024-04-12 16:39:22,548 basehttp 9892 6856 "GET /add_product HTTP/1.1" 200 4339
INFO 2024-04-12 16:39:47,235 views 9892 11396     
INFO 2024-04-12 16:39:47,240 basehttp 9892 11396 "POST /add_product HTTP/1.1" 200 4390
ERROR 2024-04-12 16:41:12,440 log 9892 5396 Internal Server Error: /add_product
Traceback (most recent call last):
  File "C:\Users\77017\PycharmProjects\django-project\venv\lib\site-packages\django\db\utils.py", line 98, in inner
    return func(*args, **kwargs)
sqlite3.OperationalError: database is locked

The above exception was the direct cause of the following exception:

Traceback (most recent call last):
  File "C:\Users\77017\PycharmProjects\django-project\venv\lib\site-packages\django\core\handlers\exception.py", line 55, in inner
    response = get_response(request)
  File "C:\Users\77017\PycharmProjects\django-project\venv\lib\site-packages\django\core\handlers\base.py", line 197, in _get_response
    response = wrapped_callback(request, *callback_args, **callback_kwargs)
  File "C:\Users\77017\PycharmProjects\django-project\myproject\myapp\views.py", line 55, in add_product
    product.save()
  File "C:\Users\77017\PycharmProjects\django-project\venv\lib\site-packages\django\db\models\base.py", line 822, in save
    self.save_base(
  File "C:\Users\77017\PycharmProjects\django-project\venv\lib\site-packages\django\db\models\base.py", line 909, in save_base
    updated = self._save_table(
  File "C:\Users\77017\PycharmProjects\django-project\venv\lib\site-packages\django\db\models\base.py", line 1067, in _save_table
    results = self._do_insert(
  File "C:\Users\77017\PycharmProjects\django-project\venv\lib\site-packages\django\db\models\base.py", line 1108, in _do_insert
    return manager._insert(
  File "C:\Users\77017\PycharmProjects\django-project\venv\lib\site-packages\django\db\models\manager.py", line 87, in manager_method
    return getattr(self.get_queryset(), name)(*args, **kwargs)
  File "C:\Users\77017\PycharmProjects\django-project\venv\lib\site-packages\django\db\models\query.py", line 1847, in _insert
    return query.get_compiler(using=using).execute_sql(returning_fields)
  File "C:\Users\77017\PycharmProjects\django-project\venv\lib\site-packages\django\db\models\sql\compiler.py", line 1835, in execute_sql
    self.connection.ops.fetch_returned_insert_columns(
  File "C:\Users\77017\PycharmProjects\django-project\venv\lib\site-packages\django\db\backends\base\operations.py", line 216, in fetch_returned_insert_columns
    return cursor.fetchone()
  File "C:\Users\77017\PycharmProjects\django-project\venv\lib\site-packages\django\db\utils.py", line 97, in inner
    with self:
  File "C:\Users\77017\PycharmProjects\django-project\venv\lib\site-packages\django\db\utils.py", line 91, in __exit__
    raise dj_exc_value.with_traceback(traceback) from exc_value
  File "C:\Users\77017\PycharmProjects\django-project\venv\lib\site-packages\django\db\utils.py", line 98, in inner
    return func(*args, **kwargs)
django.db.utils.OperationalError: database is locked
ERROR 2024-04-12 16:41:12,446 basehttp 9892 5396 "POST /add_product HTTP/1.1" 500 128632
INFO 2024-04-12 16:41:33,169 views 9892 16684     
INFO 2024-04-12 16:41:33,177 basehttp 9892 16684 "POST /add_product HTTP/1.1" 200 4390
INFO 2024-04-12 16:47:28,911 autoreload 9892 4836 C:\Users\77017\PycharmProjects\django-project\myproject\myapp\views.py changed, reloading.
INFO 2024-04-12 16:47:29,892 autoreload 18644 11220 Watching for file changes with StatReloader
INFO 2024-04-12 16:47:57,576 autoreload 18644 11220 C:\Users\77017\PycharmProjects\django-project\myproject\myapp\views.py changed, reloading.
INFO 2024-04-12 16:47:58,380 autoreload 12704 17672 Watching for file changes with StatReloader
INFO 2024-04-12 16:48:47,384 autoreload 11852 13040 Watching for file changes with StatReloader
INFO 2024-04-12 16:48:52,173 basehttp 11852 17516 "GET / HTTP/1.1" 200 2494
INFO 2024-04-12 16:49:01,484 basehttp 11852 20292 "GET /add_product HTTP/1.1" 200 4339
ERROR 2024-04-12 16:49:22,936 log 11852 14740 Internal Server Error: /add_product
Traceback (most recent call last):
  File "C:\Users\77017\PycharmProjects\django-project\venv\lib\site-packages\django\core\handlers\exception.py", line 55, in inner
    response = get_response(request)
  File "C:\Users\77017\PycharmProjects\django-project\venv\lib\site-packages\django\core\handlers\base.py", line 197, in _get_response
    response = wrapped_callback(request, *callback_args, **callback_kwargs)
  File "C:\Users\77017\PycharmProjects\django-project\myproject\myapp\views.py", line 56, in add_product
    img_obj = form.instance
AttributeError: 'ProductForm' object has no attribute 'instance'
ERROR 2024-04-12 16:49:22,938 basehttp 11852 14740 "POST /add_product HTTP/1.1" 500 70057
INFO 2024-04-12 16:49:50,242 autoreload 11852 13040 C:\Users\77017\PycharmProjects\django-project\myproject\myapp\views.py changed, reloading.
INFO 2024-04-12 16:49:50,935 autoreload 18412 9392 Watching for file changes with StatReloader
ERROR 2024-04-12 16:49:52,177 log 18412 10424 Internal Server Error: /add_product
Traceback (most recent call last):
  File "C:\Users\77017\PycharmProjects\django-project\venv\lib\site-packages\django\core\handlers\exception.py", line 55, in inner
    response = get_response(request)
  File "C:\Users\77017\PycharmProjects\django-project\venv\lib\site-packages\django\core\handlers\base.py", line 197, in _get_response
    response = wrapped_callback(request, *callback_args, **callback_kwargs)
  File "C:\Users\77017\PycharmProjects\django-project\myproject\myapp\views.py", line 56, in add_product
    img_obj = form.image
AttributeError: 'ProductForm' object has no attribute 'image'
ERROR 2024-04-12 16:49:52,181 basehttp 18412 10424 "POST /add_product HTTP/1.1" 500 70039
INFO 2024-04-12 16:52:16,752 autoreload 18412 9392 C:\Users\77017\PycharmProjects\django-project\myproject\myapp\views.py changed, reloading.
INFO 2024-04-12 16:52:17,524 autoreload 15240 8120 Watching for file changes with StatReloader
INFO 2024-04-12 16:52:20,337 views 15240 18952     
INFO 2024-04-12 16:52:20,359 basehttp 15240 18952 "POST /add_product HTTP/1.1" 200 4391
INFO 2024-04-12 16:53:47,354 autoreload 15240 8120 C:\Users\77017\PycharmProjects\django-project\myproject\myapp\views.py changed, reloading.
INFO 2024-04-12 16:53:48,013 autoreload 16264 10108 Watching for file changes with StatReloader
INFO 2024-04-12 16:53:49,261 views 16264 5428     
INFO 2024-04-12 16:53:49,281 basehttp 16264 5428 "POST /add_product HTTP/1.1" 200 4481
INFO 2024-04-12 16:54:10,315 views 16264 16488     
INFO 2024-04-12 16:54:10,319 basehttp 16264 16488 "POST /add_product HTTP/1.1" 200 4481
INFO 2024-04-12 16:56:06,761 autoreload 16264 10108 C:\Users\77017\PycharmProjects\django-project\myproject\myapp\views.py changed, reloading.
INFO 2024-04-12 16:56:07,394 autoreload 18972 20504 Watching for file changes with StatReloader
INFO 2024-04-12 16:56:08,825 views 18972 9328     
INFO 2024-04-12 16:56:08,855 basehttp 18972 9328 "POST /add_product HTTP/1.1" 200 4575
WARNING 2024-04-12 16:56:08,928 log 18972 9328 Not Found: /media/images/__a2YAD6B.jpeg
WARNING 2024-04-12 16:56:08,929 basehttp 18972 9328 "GET /media/images/%D0%91%D0%B5%D0%B7_%D0%BD%D0%B0%D0%B7%D0%B2%D0%B0%D0%BD%D0%B8%D1%8F_a2YAD6B.jpeg HTTP/1.1" 404 2924
INFO 2024-04-12 16:58:34,705 views 18972 21100     
INFO 2024-04-12 16:58:34,746 basehttp 18972 21100 "POST /add_product HTTP/1.1" 200 4585
WARNING 2024-04-12 16:58:34,826 log 18972 21100 Not Found: /media/images/__95zamF6.jpeg
WARNING 2024-04-12 16:58:34,828 basehttp 18972 21100 "GET /media/images/%D0%91%D0%B5%D0%B7_%D0%BD%D0%B0%D0%B7%D0%B2%D0%B0%D0%BD%D0%B8%D1%8F_95zamF6.jpeg HTTP/1.1" 404 2924
INFO 2024-04-12 16:59:06,067 views 18972 14804     
INFO 2024-04-12 16:59:06,091 basehttp 18972 14804 "POST /add_product HTTP/1.1" 200 4534
WARNING 2024-04-12 16:59:06,145 log 18972 14804 Not Found: /images/__8fGaovV.jpeg
WARNING 2024-04-12 16:59:06,147 basehttp 18972 14804 "GET /images/%D0%91%D0%B5%D0%B7_%D0%BD%D0%B0%D0%B7%D0%B2%D0%B0%D0%BD%D0%B8%D1%8F_8fGaovV.jpeg HTTP/1.1" 404 2906
INFO 2024-04-12 17:02:53,792 basehttp 18972 9256 "GET / HTTP/1.1" 200 2494
INFO 2024-04-12 17:03:03,816 basehttp 18972 19696 "GET /add_product HTTP/1.1" 200 4339
INFO 2024-04-12 17:03:22,472 views 18972 6624     
INFO 2024-04-12 17:03:22,476 basehttp 18972 6624 "POST /add_product HTTP/1.1" 200 4537
WARNING 2024-04-12 17:03:22,528 log 18972 6624 Not Found: /images/__A5Megwr.jpeg
WARNING 2024-04-12 17:03:22,529 basehttp 18972 6624 "GET /images/%D0%91%D0%B5%D0%B7_%D0%BD%D0%B0%D0%B7%D0%B2%D0%B0%D0%BD%D0%B8%D1%8F_A5Megwr.jpeg HTTP/1.1" 404 2906
INFO 2024-04-12 17:05:15,025 basehttp 18972 14240 "GET / HTTP/1.1" 200 2494
INFO 2024-04-12 17:05:18,168 basehttp 18972 16064 "GET /add_product HTTP/1.1" 200 4339
INFO 2024-04-12 17:05:34,649 views 18972 21316     
INFO 2024-04-12 17:05:34,655 basehttp 18972 21316 "POST /add_product HTTP/1.1" 200 4505
WARNING 2024-04-12 17:05:34,710 log 18972 21316 Not Found: /images/kefir.jpeg
WARNING 2024-04-12 17:05:34,712 basehttp 18972 21316 "GET /images/kefir.jpeg HTTP/1.1" 404 2784
INFO 2024-04-12 17:11:45,418 autoreload 18972 20504 C:\Users\77017\PycharmProjects\django-project\myproject\myproject\settings.py changed, reloading.
INFO 2024-04-12 17:14:00,202 autoreload 3132 17416 Watching for file changes with StatReloader
INFO 2024-04-12 17:14:01,628 basehttp 3132 14736 "GET / HTTP/1.1" 200 2494
INFO 2024-04-12 17:14:04,575 basehttp 3132 5836 "GET /add_product HTTP/1.1" 200 4339
INFO 2024-04-12 17:14:23,174 views 3132 15344    213 
INFO 2024-04-12 17:14:23,180 basehttp 3132 15344 "POST /add_product HTTP/1.1" 200 4507
INFO 2024-04-12 17:14:23,390 basehttp 3132 15344 "GET /media/images/kefir_IMfcNnx.jpeg HTTP/1.1" 200 9216
INFO 2024-04-12 17:57:06,297 basehttp 3132 2152 "GET / HTTP/1.1" 200 2494
INFO 2024-04-12 17:57:10,328 basehttp 3132 2152 "GET /add_product HTTP/1.1" 200 4339
INFO 2024-04-12 17:57:12,954 basehttp 3132 18272 "GET /admin HTTP/1.1" 301 0
INFO 2024-04-12 17:57:13,016 basehttp 3132 6452 "GET /admin/ HTTP/1.1" 302 0
INFO 2024-04-12 17:57:13,193 basehttp 3132 6452 "GET /admin/login/?next=/admin/ HTTP/1.1" 200 4158
INFO 2024-04-12 17:57:13,240 basehttp 3132 6452 "GET /static/admin/css/base.css HTTP/1.1" 200 21544
INFO 2024-04-12 17:57:13,245 basehttp 3132 12788 "GET /static/admin/css/dark_mode.css HTTP/1.1" 200 2682
INFO 2024-04-12 17:57:13,251 basehttp 3132 10432 "GET /static/admin/css/nav_sidebar.css HTTP/1.1" 200 2810
INFO 2024-04-12 17:57:13,251 basehttp 3132 3540 "GET /static/admin/css/login.css HTTP/1.1" 200 958
INFO 2024-04-12 17:57:13,252 basehttp 3132 7176 "GET /static/admin/css/responsive.css HTTP/1.1" 200 17905
INFO 2024-04-12 17:57:13,261 basehttp 3132 9616 "GET /static/admin/js/theme.js HTTP/1.1" 200 1943
INFO 2024-04-12 17:57:13,278 basehttp 3132 12788 "GET /static/admin/js/nav_sidebar.js HTTP/1.1" 200 3063
INFO 2024-04-14 07:55:58,492 autoreload 19988 16112 Watching for file changes with StatReloader
INFO 2024-04-14 07:59:05,449 basehttp 19988 5936 "GET / HTTP/1.1" 200 2494
WARNING 2024-04-14 07:59:06,578 log 19988 5936 Not Found: /favicon.ico
WARNING 2024-04-14 07:59:06,579 basehttp 19988 5936 "GET /favicon.ico HTTP/1.1" 404 3019
INFO 2024-04-14 07:59:09,884 basehttp 19988 5936 "GET /add_product HTTP/1.1" 200 4339
INFO 2024-04-14 07:59:12,511 basehttp 19988 11452 "GET /admin/ HTTP/1.1" 302 0
INFO 2024-04-14 07:59:12,713 basehttp 19988 11452 "GET /admin/login/?next=/admin/ HTTP/1.1" 200 4158
INFO 2024-04-14 07:59:12,757 basehttp 19988 11452 "GET /static/admin/css/base.css HTTP/1.1" 304 0
INFO 2024-04-14 07:59:12,761 basehttp 19988 17832 "GET /static/admin/css/dark_mode.css HTTP/1.1" 304 0
INFO 2024-04-14 07:59:12,769 basehttp 19988 19848 "GET /static/admin/css/login.css HTTP/1.1" 304 0
INFO 2024-04-14 07:59:12,777 basehttp 19988 2884 "GET /static/admin/css/nav_sidebar.css HTTP/1.1" 304 0
INFO 2024-04-14 07:59:12,780 basehttp 19988 21080 "GET /static/admin/js/theme.js HTTP/1.1" 304 0
INFO 2024-04-14 07:59:12,781 basehttp 19988 11452 "GET /static/admin/js/nav_sidebar.js HTTP/1.1" 304 0
INFO 2024-04-14 07:59:12,782 basehttp 19988 6452 "GET /static/admin/css/responsive.css HTTP/1.1" 304 0
INFO 2024-04-14 07:59:23,178 basehttp 19988 19692 "POST /admin/login/?next=/admin/ HTTP/1.1" 302 0
INFO 2024-04-14 07:59:23,226 basehttp 19988 19692 "GET /admin/ HTTP/1.1" 200 7445
INFO 2024-04-14 07:59:23,473 basehttp 19988 19692 "GET /static/admin/css/dashboard.css HTTP/1.1" 200 441
INFO 2024-04-14 07:59:23,493 basehttp 19988 19692 "GET /static/admin/img/icon-addlink.svg HTTP/1.1" 200 331
INFO 2024-04-14 07:59:23,496 basehttp 19988 18860 "GET /static/admin/img/icon-changelink.svg HTTP/1.1" 200 380
INFO 2024-04-14 07:59:39,054 basehttp 19988 1280 "GET /admin/myapp/client/ HTTP/1.1" 200 9852
INFO 2024-04-14 07:59:39,106 basehttp 19988 12872 "GET /static/admin/css/changelists.css HTTP/1.1" 304 0
INFO 2024-04-14 07:59:39,115 basehttp 19988 5528 "GET /static/admin/js/jquery.init.js HTTP/1.1" 200 347
INFO 2024-04-14 07:59:39,118 basehttp 19988 5680 "GET /static/admin/js/admin/RelatedObjectLookups.js HTTP/1.1" 200 9042
INFO 2024-04-14 07:59:39,121 basehttp 19988 14196 "GET /static/admin/js/actions.js HTTP/1.1" 200 8067
INFO 2024-04-14 07:59:39,122 basehttp 19988 12872 "GET /static/admin/js/urlify.js HTTP/1.1" 200 7887
INFO 2024-04-14 07:59:39,123 basehttp 19988 15856 "GET /static/admin/js/core.js HTTP/1.1" 200 6208
INFO 2024-04-14 07:59:39,126 basehttp 19988 1280 "GET /static/admin/js/vendor/jquery/jquery.js HTTP/1.1" 200 285314
INFO 2024-04-14 07:59:39,140 basehttp 19988 5528 "GET /static/admin/js/prepopulate.js HTTP/1.1" 200 1531
INFO 2024-04-14 07:59:39,159 basehttp 19988 14196 "GET /static/admin/js/vendor/xregexp/xregexp.js HTTP/1.1" 200 325171
INFO 2024-04-14 07:59:39,171 basehttp 19988 15856 "GET /admin/jsi18n/ HTTP/1.1" 200 3342
INFO 2024-04-14 07:59:39,243 basehttp 19988 1280 "GET /static/admin/js/filters.js HTTP/1.1" 200 978
INFO 2024-04-14 07:59:39,286 basehttp 19988 14196 "GET /static/admin/img/tooltag-add.svg HTTP/1.1" 200 331
INFO 2024-04-14 07:59:42,751 basehttp 19988 1452 "GET /admin/myapp/product/ HTTP/1.1" 200 14470
INFO 2024-04-14 07:59:42,790 basehttp 19988 1452 "GET /admin/jsi18n/ HTTP/1.1" 200 3342
INFO 2024-04-14 07:59:44,929 basehttp 19988 1452 "GET /admin/myapp/product/18/change/ HTTP/1.1" 200 11995
INFO 2024-04-14 07:59:44,978 basehttp 19988 17372 "GET /static/admin/js/prepopulate_init.js HTTP/1.1" 200 586
INFO 2024-04-14 07:59:44,983 basehttp 19988 1452 "GET /static/admin/css/forms.css HTTP/1.1" 200 9090
INFO 2024-04-14 07:59:44,989 basehttp 19988 11752 "GET /admin/jsi18n/ HTTP/1.1" 200 3342
INFO 2024-04-14 07:59:45,004 basehttp 19988 11752 "GET /static/admin/js/change_form.js HTTP/1.1" 200 606
INFO 2024-04-14 07:59:45,004 basehttp 19988 1452 "GET /static/admin/css/widgets.css HTTP/1.1" 200 11800
INFO 2024-04-14 08:12:02,700 basehttp 19988 13720 "GET /admin/myapp/order/ HTTP/1.1" 200 10957
INFO 2024-04-14 08:12:02,767 basehttp 19988 13720 "GET /admin/jsi18n/ HTTP/1.1" 200 3342
INFO 2024-04-14 08:12:05,313 basehttp 19988 13720 "GET /admin/myapp/enrollment/ HTTP/1.1" 200 11680
INFO 2024-04-14 08:12:05,354 basehttp 19988 13720 "GET /admin/jsi18n/ HTTP/1.1" 200 3342
INFO 2024-04-14 08:12:09,542 basehttp 19988 21068 "GET /admin/myapp/enrollment/add/ HTTP/1.1" 200 13519
INFO 2024-04-14 08:12:09,598 basehttp 19988 21068 "GET /admin/jsi18n/ HTTP/1.1" 200 3342
INFO 2024-04-14 08:12:09,602 basehttp 19988 12492 "GET /static/admin/img/icon-viewlink.svg HTTP/1.1" 200 581
INFO 2024-04-14 08:15:56,386 basehttp 19988 13896 "GET /admin/myapp/product/ HTTP/1.1" 200 14470
INFO 2024-04-14 08:15:56,437 basehttp 19988 13896 "GET /admin/jsi18n/ HTTP/1.1" 200 3342
INFO 2024-04-14 08:16:07,408 basehttp 19988 7068 "GET /admin/myapp/product/add/ HTTP/1.1" 200 11592
INFO 2024-04-14 08:16:07,456 basehttp 19988 7068 "GET /admin/jsi18n/ HTTP/1.1" 200 3342
INFO 2024-04-14 08:16:30,479 basehttp 19988 14068 "GET /admin/auth/user/ HTTP/1.1" 200 12136
INFO 2024-04-14 08:16:30,531 basehttp 19988 14068 "GET /static/admin/img/search.svg HTTP/1.1" 200 458
INFO 2024-04-14 08:16:30,531 basehttp 19988 18256 "GET /static/admin/img/icon-yes.svg HTTP/1.1" 200 436
INFO 2024-04-14 08:16:30,541 basehttp 19988 18032 "GET /admin/jsi18n/ HTTP/1.1" 200 3342
INFO 2024-04-14 08:16:30,574 basehttp 19988 18032 "GET /static/admin/img/sorting-icons.svg HTTP/1.1" 200 1097
INFO 2024-04-14 08:16:38,848 basehttp 19988 20764 "GET /admin/auth/group/add/ HTTP/1.1" 200 13336
INFO 2024-04-14 08:16:38,898 basehttp 19988 1636 "GET /static/admin/js/SelectFilter2.js HTTP/1.1" 200 15492
INFO 2024-04-14 08:16:38,904 basehttp 19988 20764 "GET /static/admin/js/SelectBox.js HTTP/1.1" 200 4530
INFO 2024-04-14 08:16:38,908 basehttp 19988 16108 "GET /admin/jsi18n/ HTTP/1.1" 200 3342
INFO 2024-04-14 08:16:38,967 basehttp 19988 1636 "GET /static/admin/img/icon-unknown.svg HTTP/1.1" 200 655
INFO 2024-04-14 08:16:38,970 basehttp 19988 16108 "GET /static/admin/img/icon-unknown-alt.svg HTTP/1.1" 200 655
INFO 2024-04-14 08:16:38,972 basehttp 19988 20764 "GET /static/admin/img/selector-icons.svg HTTP/1.1" 200 3291
INFO 2024-04-14 08:17:45,498 basehttp 19988 17900 "GET /admin/myapp/enrollment/ HTTP/1.1" 200 11680
INFO 2024-04-14 08:17:45,554 basehttp 19988 17900 "GET /admin/jsi18n/ HTTP/1.1" 200 3342
INFO 2024-04-14 08:17:48,335 basehttp 19988 21372 "GET /admin/myapp/enrollment/add/ HTTP/1.1" 200 13519
INFO 2024-04-14 08:17:48,377 basehttp 19988 21372 "GET /admin/jsi18n/ HTTP/1.1" 200 3342
INFO 2024-04-14 08:20:27,613 basehttp 19988 11388 "GET /admin/myapp/client/ HTTP/1.1" 200 9852
INFO 2024-04-14 08:20:27,667 basehttp 19988 11388 "GET /admin/jsi18n/ HTTP/1.1" 200 3342
INFO 2024-04-14 08:23:02,467 autoreload 19988 16112 C:\Users\77017\PycharmProjects\django-project\myproject\myapp\models.py changed, reloading.
INFO 2024-04-14 08:23:04,296 autoreload 18092 15812 Watching for file changes with StatReloader
INFO 2024-04-14 08:23:14,067 autoreload 18092 15812 C:\Users\77017\PycharmProjects\django-project\myproject\myapp\models.py changed, reloading.
INFO 2024-04-14 08:23:14,927 autoreload 4644 14888 Watching for file changes with StatReloader
INFO 2024-04-14 08:23:21,037 basehttp 4644 1196 "GET /admin/myapp/client/ HTTP/1.1" 200 9852
INFO 2024-04-14 08:23:21,086 basehttp 4644 1196 "GET /admin/jsi18n/ HTTP/1.1" 200 3342
INFO 2024-04-14 08:23:24,130 basehttp 4644 2220 "GET /admin/myapp/order/ HTTP/1.1" 200 10969
INFO 2024-04-14 08:23:24,172 basehttp 4644 2220 "GET /admin/jsi18n/ HTTP/1.1" 200 3342
INFO 2024-04-14 08:23:28,295 basehttp 4644 2220 "GET /admin/myapp/product/ HTTP/1.1" 200 14120
INFO 2024-04-14 08:23:28,338 basehttp 4644 2220 "GET /admin/jsi18n/ HTTP/1.1" 200 3342
INFO 2024-04-14 08:23:32,666 basehttp 4644 19640 "GET /admin/myapp/enrollment/ HTTP/1.1" 200 11776
INFO 2024-04-14 08:23:32,710 basehttp 4644 19640 "GET /admin/jsi18n/ HTTP/1.1" 200 3342
INFO 2024-04-14 08:23:35,680 basehttp 4644 19640 "GET /admin/myapp/enrollment/8/change/ HTTP/1.1" 200 13626
INFO 2024-04-14 08:23:35,728 basehttp 4644 19640 "GET /admin/jsi18n/ HTTP/1.1" 200 3342
INFO 2024-04-14 08:26:25,737 basehttp 4644 15116 "GET /admin/myapp/client/ HTTP/1.1" 200 9852
INFO 2024-04-14 08:26:25,791 basehttp 4644 15116 "GET /admin/jsi18n/ HTTP/1.1" 200 3342
INFO 2024-04-14 08:26:27,951 basehttp 4644 18492 "GET /admin/myapp/order/ HTTP/1.1" 200 10969
INFO 2024-04-14 08:26:28,006 basehttp 4644 18492 "GET /admin/jsi18n/ HTTP/1.1" 200 3342
INFO 2024-04-14 08:26:29,737 basehttp 4644 18492 "GET /admin/myapp/product/ HTTP/1.1" 200 14120
INFO 2024-04-14 08:26:29,777 basehttp 4644 18492 "GET /admin/jsi18n/ HTTP/1.1" 200 3342
INFO 2024-04-14 08:26:35,079 basehttp 4644 21140 "GET /admin/myapp/product/12/change/ HTTP/1.1" 200 12057
INFO 2024-04-14 08:26:35,119 basehttp 4644 21140 "GET /admin/jsi18n/ HTTP/1.1" 200 3342
INFO 2024-04-14 08:26:50,129 basehttp 4644 15516 "GET /admin/myapp/product/ HTTP/1.1" 200 14120
INFO 2024-04-14 08:26:50,200 basehttp 4644 15516 "GET /admin/jsi18n/ HTTP/1.1" 200 3342
INFO 2024-04-14 08:27:21,966 basehttp 4644 9624 "GET /admin/myapp/product/ HTTP/1.1" 200 14120
INFO 2024-04-14 08:27:22,002 basehttp 4644 9624 "GET /admin/jsi18n/ HTTP/1.1" 200 3342
INFO 2024-04-14 08:27:33,782 basehttp 4644 17588 "GET /admin/myapp/client/ HTTP/1.1" 200 9852
INFO 2024-04-14 08:27:33,817 basehttp 4644 17588 "GET /admin/jsi18n/ HTTP/1.1" 200 3342
INFO 2024-04-14 08:27:37,333 basehttp 4644 17588 "GET /admin/myapp/product/ HTTP/1.1" 200 14120
INFO 2024-04-14 08:27:37,371 basehttp 4644 17588 "GET /admin/jsi18n/ HTTP/1.1" 200 3342
INFO 2024-04-14 08:27:50,647 basehttp 4644 19688 "POST /admin/myapp/product/ HTTP/1.1" 200 8361
INFO 2024-04-14 08:27:50,898 basehttp 4644 19688 "GET /static/admin/js/cancel.js HTTP/1.1" 200 884
INFO 2024-04-14 08:27:52,617 basehttp 4644 19688 "GET /admin/myapp/product/ HTTP/1.1" 200 14120
INFO 2024-04-14 08:28:01,062 basehttp 4644 10584 "POST /admin/myapp/product/ HTTP/1.1" 200 10057
INFO 2024-04-14 08:28:04,451 basehttp 4644 10584 "POST /admin/myapp/product/ HTTP/1.1" 302 0
INFO 2024-04-14 08:28:04,511 basehttp 4644 10584 "GET /admin/myapp/product/ HTTP/1.1" 200 10743
INFO 2024-04-14 08:28:04,589 basehttp 4644 10584 "GET /admin/jsi18n/ HTTP/1.1" 200 3342
INFO 2024-04-14 08:28:09,212 basehttp 4644 5360 "GET /admin/myapp/product/18/change/ HTTP/1.1" 200 11947
INFO 2024-04-14 08:28:09,260 basehttp 4644 5360 "GET /admin/jsi18n/ HTTP/1.1" 200 3342
INFO 2024-04-14 08:28:21,210 basehttp 4644 4304 "POST /admin/myapp/product/18/change/ HTTP/1.1" 302 0
INFO 2024-04-14 08:28:21,281 basehttp 4644 4304 "GET /admin/myapp/product/ HTTP/1.1" 200 10824
INFO 2024-04-14 08:28:21,324 basehttp 4644 4304 "GET /admin/jsi18n/ HTTP/1.1" 200 3342
INFO 2024-04-14 08:29:47,417 autoreload 4644 14888 C:\Users\77017\PycharmProjects\django-project\myproject\myapp\admin.py changed, reloading.
INFO 2024-04-14 08:29:48,708 autoreload 11616 19228 Watching for file changes with StatReloader
INFO 2024-04-14 08:30:03,718 autoreload 11616 19228 C:\Users\77017\PycharmProjects\django-project\myproject\myapp\admin.py changed, reloading.
INFO 2024-04-14 08:30:05,119 autoreload 808 16840 Watching for file changes with StatReloader
INFO 2024-04-14 08:30:14,931 autoreload 808 16840 C:\Users\77017\PycharmProjects\django-project\myproject\myapp\admin.py changed, reloading.
INFO 2024-04-14 08:30:15,674 autoreload 10892 19528 Watching for file changes with StatReloader
INFO 2024-04-14 08:30:26,414 autoreload 10892 19528 C:\Users\77017\PycharmProjects\django-project\myproject\myapp\admin.py changed, reloading.
INFO 2024-04-14 08:30:27,123 autoreload 1784 20820 Watching for file changes with StatReloader
INFO 2024-04-14 08:30:56,594 autoreload 1784 20820 C:\Users\77017\PycharmProjects\django-project\myproject\myapp\admin.py changed, reloading.
INFO 2024-04-14 08:30:57,376 autoreload 7852 14068 Watching for file changes with StatReloader
INFO 2024-04-14 08:31:29,502 autoreload 7852 14068 C:\Users\77017\PycharmProjects\django-project\myproject\myapp\admin.py changed, reloading.
INFO 2024-04-14 08:31:30,372 autoreload 15528 1228 Watching for file changes with StatReloader
INFO 2024-04-14 08:37:43,394 autoreload 15528 1228 C:\Users\77017\PycharmProjects\django-project\myproject\myapp\admin.py changed, reloading.
INFO 2024-04-14 08:37:44,573 autoreload 6356 15868 Watching for file changes with StatReloader
INFO 2024-04-14 08:37:53,222 autoreload 6356 15868 C:\Users\77017\PycharmProjects\django-project\myproject\myapp\admin.py changed, reloading.
INFO 2024-04-14 08:37:53,922 autoreload 17276 3760 Watching for file changes with StatReloader
INFO 2024-04-14 08:37:59,653 autoreload 17276 3760 C:\Users\77017\PycharmProjects\django-project\myproject\myapp\admin.py changed, reloading.
INFO 2024-04-14 08:38:00,412 autoreload 13468 12884 Watching for file changes with StatReloader
INFO 2024-04-14 08:38:29,360 autoreload 13468 12884 C:\Users\77017\PycharmProjects\django-project\myproject\myapp\admin.py changed, reloading.
INFO 2024-04-14 08:38:30,157 autoreload 11052 20036 Watching for file changes with StatReloader
INFO 2024-04-14 08:38:35,034 autoreload 11052 20036 C:\Users\77017\PycharmProjects\django-project\myproject\myapp\admin.py changed, reloading.
INFO 2024-04-14 08:38:35,885 autoreload 12320 1576 Watching for file changes with StatReloader
INFO 2024-04-14 08:38:41,712 autoreload 12320 1576 C:\Users\77017\PycharmProjects\django-project\myproject\myapp\admin.py changed, reloading.
INFO 2024-04-14 08:38:42,533 autoreload 1620 17096 Watching for file changes with StatReloader
INFO 2024-04-14 08:39:02,002 autoreload 1620 17096 C:\Users\77017\PycharmProjects\django-project\myproject\myapp\admin.py changed, reloading.
INFO 2024-04-14 08:39:02,709 autoreload 13868 14312 Watching for file changes with StatReloader
INFO 2024-04-14 08:39:18,998 autoreload 13868 14312 C:\Users\77017\PycharmProjects\django-project\myproject\myapp\admin.py changed, reloading.
INFO 2024-04-14 08:39:19,710 autoreload 12256 5724 Watching for file changes with StatReloader
INFO 2024-04-14 08:39:33,900 autoreload 12256 5724 C:\Users\77017\PycharmProjects\django-project\myproject\myapp\admin.py changed, reloading.
INFO 2024-04-14 08:39:34,591 autoreload 3976 13416 Watching for file changes with StatReloader
INFO 2024-04-14 08:40:33,250 autoreload 3976 13416 C:\Users\77017\PycharmProjects\django-project\myproject\myapp\admin.py changed, reloading.
INFO 2024-04-14 08:40:34,379 autoreload 20204 19584 Watching for file changes with StatReloader
INFO 2024-04-14 08:40:57,789 autoreload 20204 19584 C:\Users\77017\PycharmProjects\django-project\myproject\myapp\admin.py changed, reloading.
INFO 2024-04-14 08:40:58,572 autoreload 14048 14704 Watching for file changes with StatReloader
INFO 2024-04-14 08:41:10,338 autoreload 14048 14704 C:\Users\77017\PycharmProjects\django-project\myproject\myapp\admin.py changed, reloading.
INFO 2024-04-14 08:41:11,372 autoreload 16212 13484 Watching for file changes with StatReloader
INFO 2024-04-14 08:41:18,389 autoreload 16212 13484 C:\Users\77017\PycharmProjects\django-project\myproject\myapp\admin.py changed, reloading.
INFO 2024-04-14 08:41:19,269 autoreload 17468 12348 Watching for file changes with StatReloader
INFO 2024-04-14 08:41:27,512 basehttp 17468 6816 "GET /admin/myapp/product/ HTTP/1.1" 200 12258
INFO 2024-04-14 08:41:27,596 basehttp 17468 6816 "GET /admin/jsi18n/ HTTP/1.1" 200 3342
WARNING 2024-04-14 08:41:27,673 log 17468 9660 Not Found: /media/no_image
WARNING 2024-04-14 08:41:27,675 basehttp 17468 9660 "GET /media/no_image HTTP/1.1" 404 3248
INFO 2024-04-14 08:41:27,864 basehttp 17468 6816 "GET /media/images/kefir_IMfcNnx.jpeg HTTP/1.1" 200 9216
INFO 2024-04-14 09:03:08,301 autoreload 17468 12348 C:\Users\77017\PycharmProjects\django-project\myproject\myapp\admin.py changed, reloading.
INFO 2024-04-14 09:03:10,162 autoreload 3672 300 Watching for file changes with StatReloader
INFO 2024-04-14 09:03:41,003 basehttp 3672 20476 "GET /admin/myapp/product/ HTTP/1.1" 200 12499
INFO 2024-04-14 09:03:41,070 basehttp 3672 20476 "GET /admin/jsi18n/ HTTP/1.1" 200 3342
WARNING 2024-04-14 09:03:41,102 log 3672 20476 Not Found: /media/no_image
WARNING 2024-04-14 09:03:41,104 basehttp 3672 20476 "GET /media/no_image HTTP/1.1" 404 3248
WARNING 2024-04-14 09:03:41,145 log 3672 20476 Not Found: /media/no_image
WARNING 2024-04-14 09:03:41,146 basehttp 3672 20476 "GET /media/no_image HTTP/1.1" 404 3248
INFO 2024-04-14 09:03:43,780 basehttp 3672 15628 "GET /admin/myapp/product/?o=4 HTTP/1.1" 200 12652
INFO 2024-04-14 09:03:43,825 basehttp 3672 15628 "GET /admin/jsi18n/ HTTP/1.1" 200 3342
WARNING 2024-04-14 09:03:43,833 log 3672 1792 Not Found: /media/no_image
WARNING 2024-04-14 09:03:43,834 basehttp 3672 1792 "GET /media/no_image HTTP/1.1" 404 3248
WARNING 2024-04-14 09:03:43,867 log 3672 1792 Not Found: /media/no_image
WARNING 2024-04-14 09:03:43,867 basehttp 3672 1792 "GET /media/no_image HTTP/1.1" 404 3248
INFO 2024-04-14 09:03:44,908 basehttp 3672 1792 "GET /admin/myapp/product/?o=-4 HTTP/1.1" 200 12661
INFO 2024-04-14 09:03:44,959 basehttp 3672 1792 "GET /admin/jsi18n/ HTTP/1.1" 200 3342
WARNING 2024-04-14 09:03:44,965 log 3672 15628 Not Found: /media/no_image
WARNING 2024-04-14 09:03:44,966 basehttp 3672 15628 "GET /media/no_image HTTP/1.1" 404 3248
INFO 2024-04-14 09:05:38,471 basehttp 3672 1576 "GET /admin/myapp/order/ HTTP/1.1" 200 10969
INFO 2024-04-14 09:05:38,516 basehttp 3672 1576 "GET /admin/jsi18n/ HTTP/1.1" 200 3342
INFO 2024-04-14 09:05:45,304 basehttp 3672 1576 "GET /admin/myapp/product/ HTTP/1.1" 200 12499
INFO 2024-04-14 09:05:45,352 basehttp 3672 1576 "GET /admin/jsi18n/ HTTP/1.1" 200 3342
WARNING 2024-04-14 09:05:45,360 log 3672 17800 Not Found: /media/no_image
WARNING 2024-04-14 09:05:45,361 basehttp 3672 17800 "GET /media/no_image HTTP/1.1" 404 3248
WARNING 2024-04-14 09:05:45,380 log 3672 17800 Not Found: /media/no_image
WARNING 2024-04-14 09:05:45,381 basehttp 3672 17800 "GET /media/no_image HTTP/1.1" 404 3248
INFO 2024-04-14 09:05:47,141 basehttp 3672 20188 "GET /admin/myapp/order/ HTTP/1.1" 200 10969
INFO 2024-04-14 09:05:47,182 basehttp 3672 20188 "GET /admin/jsi18n/ HTTP/1.1" 200 3342
INFO 2024-04-14 09:05:47,752 basehttp 3672 20188 "GET /admin/myapp/enrollment/ HTTP/1.1" 200 11776
INFO 2024-04-14 09:05:47,793 basehttp 3672 20188 "GET /admin/jsi18n/ HTTP/1.1" 200 3342
INFO 2024-04-14 09:05:49,199 basehttp 3672 20188 "GET /admin/myapp/order/ HTTP/1.1" 200 10969
INFO 2024-04-14 09:05:49,245 basehttp 3672 20188 "GET /admin/jsi18n/ HTTP/1.1" 200 3342
INFO 2024-04-14 09:05:51,340 basehttp 3672 20188 "GET /admin/myapp/client/ HTTP/1.1" 200 9852
INFO 2024-04-14 09:05:51,379 basehttp 3672 20188 "GET /admin/jsi18n/ HTTP/1.1" 200 3342
INFO 2024-04-14 09:05:53,744 basehttp 3672 20188 "GET /admin/myapp/order/ HTTP/1.1" 200 10969
INFO 2024-04-14 09:05:53,784 basehttp 3672 20188 "GET /admin/jsi18n/ HTTP/1.1" 200 3342
INFO 2024-04-14 09:06:04,907 basehttp 3672 21144 "GET /admin/myapp/enrollment/ HTTP/1.1" 200 11776
INFO 2024-04-14 09:06:04,949 basehttp 3672 21144 "GET /admin/jsi18n/ HTTP/1.1" 200 3342
INFO 2024-04-14 09:06:06,874 basehttp 3672 1964 "GET /admin/myapp/enrollment/8/change/ HTTP/1.1" 200 13092
INFO 2024-04-14 09:06:06,928 basehttp 3672 1964 "GET /admin/jsi18n/ HTTP/1.1" 200 3342
INFO 2024-04-14 09:07:55,297 autoreload 3672 300 C:\Users\77017\PycharmProjects\django-project\myproject\myapp\admin.py changed, reloading.
INFO 2024-04-14 09:07:56,427 autoreload 17264 7212 Watching for file changes with StatReloader
INFO 2024-04-14 09:08:00,674 basehttp 17264 13276 "GET /admin/myapp/enrollment/8/change/ HTTP/1.1" 200 13092
INFO 2024-04-14 09:08:00,717 basehttp 17264 13276 "GET /admin/jsi18n/ HTTP/1.1" 200 3342
INFO 2024-04-14 09:08:02,028 basehttp 17264 17696 "GET /admin/myapp/product/ HTTP/1.1" 200 12978
INFO 2024-04-14 09:08:02,073 basehttp 17264 17696 "GET /admin/jsi18n/ HTTP/1.1" 200 3342
WARNING 2024-04-14 09:08:02,094 log 17264 5308 Not Found: /media/no_image
WARNING 2024-04-14 09:08:02,095 basehttp 17264 5308 "GET /media/no_image HTTP/1.1" 404 3248
INFO 2024-04-14 09:08:21,975 autoreload 17264 7212 C:\Users\77017\PycharmProjects\django-project\myproject\myapp\admin.py changed, reloading.
INFO 2024-04-14 09:08:22,827 autoreload 1296 19648 Watching for file changes with StatReloader
INFO 2024-04-14 09:08:25,662 basehttp 1296 12988 "GET /admin/myapp/product/ HTTP/1.1" 200 12964
INFO 2024-04-14 09:08:25,717 basehttp 1296 12988 "GET /admin/jsi18n/ HTTP/1.1" 200 3342
WARNING 2024-04-14 09:08:25,723 log 1296 11800 Not Found: /media/no_image
WARNING 2024-04-14 09:08:25,724 basehttp 1296 11800 "GET /media/no_image HTTP/1.1" 404 3248
WARNING 2024-04-14 09:08:25,747 log 1296 11800 Not Found: /media/no_image
WARNING 2024-04-14 09:08:25,748 basehttp 1296 11800 "GET /media/no_image HTTP/1.1" 404 3248
INFO 2024-04-14 09:08:38,139 basehttp 1296 10096 "GET /admin/myapp/product/?q=%D0%BA%D0%B5%D1%84%D0%B8%D1%80 HTTP/1.1" 200 9464
INFO 2024-04-14 09:08:38,218 basehttp 1296 10096 "GET /admin/jsi18n/ HTTP/1.1" 200 3342
INFO 2024-04-14 09:08:52,867 basehttp 1296 3840 "GET /admin/myapp/product/?q=%D0%9A%D0%B5%D1%84%D0%B8%D1%80 HTTP/1.1" 200 11537
INFO 2024-04-14 09:08:52,908 basehttp 1296 3840 "GET /admin/jsi18n/ HTTP/1.1" 200 3342
INFO 2024-04-14 09:09:34,966 basehttp 1296 1164 "GET /admin/myapp/product/?q=%D0%9A%D0%B5 HTTP/1.1" 200 11363
INFO 2024-04-14 09:09:35,014 basehttp 1296 1164 "GET /admin/jsi18n/ HTTP/1.1" 200 3342
INFO 2024-04-14 09:09:41,104 basehttp 1296 1164 "GET /admin/myapp/product/?q=T HTTP/1.1" 200 11217
INFO 2024-04-14 09:09:41,157 basehttp 1296 1164 "GET /admin/jsi18n/ HTTP/1.1" 200 3342
WARNING 2024-04-14 09:09:41,160 log 1296 1336 Not Found: /media/no_image
WARNING 2024-04-14 09:09:41,161 basehttp 1296 1336 "GET /media/no_image HTTP/1.1" 404 3248
INFO 2024-04-14 09:09:47,198 basehttp 1296 21136 "GET /admin/myapp/product/? HTTP/1.1" 200 12964
INFO 2024-04-14 09:09:47,245 basehttp 1296 21136 "GET /admin/jsi18n/ HTTP/1.1" 200 3342
WARNING 2024-04-14 09:09:47,248 log 1296 3228 Not Found: /media/no_image
WARNING 2024-04-14 09:09:47,249 basehttp 1296 3228 "GET /media/no_image HTTP/1.1" 404 3248
WARNING 2024-04-14 09:09:47,278 log 1296 3228 Not Found: /media/no_image
WARNING 2024-04-14 09:09:47,280 basehttp 1296 3228 "GET /media/no_image HTTP/1.1" 404 3248
INFO 2024-04-14 09:52:27,046 autoreload 1296 19648 C:\Users\77017\PycharmProjects\django-project\myproject\myapp\admin.py changed, reloading.
INFO 2024-04-14 09:52:28,589 autoreload 9840 120 Watching for file changes with StatReloader
INFO 2024-04-14 09:58:25,938 autoreload 9840 120 C:\Users\77017\PycharmProjects\django-project\myproject\myapp\admin.py changed, reloading.
INFO 2024-04-14 09:58:26,709 autoreload 7924 1176 Watching for file changes with StatReloader
INFO 2024-04-14 10:02:59,994 autoreload 7924 1176 C:\Users\77017\PycharmProjects\django-project\myproject\myapp\admin.py changed, reloading.
INFO 2024-04-14 10:03:01,103 autoreload 17888 13192 Watching for file changes with StatReloader
INFO 2024-04-14 10:03:43,042 autoreload 14092 19472 Watching for file changes with StatReloader
INFO 2024-04-14 10:06:04,262 autoreload 12692 17996 Watching for file changes with StatReloader
INFO 2024-04-14 10:06:22,532 autoreload 6828 15560 Watching for file changes with StatReloader
INFO 2024-04-14 10:17:03,358 autoreload 14820 8696 Watching for file changes with StatReloader
INFO 2024-04-14 10:18:28,609 autoreload 14820 8696 C:\Users\77017\PycharmProjects\django-project\myproject\myapp\admin.py changed, reloading.
INFO 2024-04-14 10:18:29,353 autoreload 10680 11448 Watching for file changes with StatReloader
INFO 2024-04-14 10:18:38,107 basehttp 10680 14748 "GET / HTTP/1.1" 200 2494
INFO 2024-04-14 10:18:42,355 basehttp 10680 20380 "GET /add_product HTTP/1.1" 200 4339
INFO 2024-04-14 10:18:46,949 basehttp 10680 20380 "GET /admin/ HTTP/1.1" 200 10177
INFO 2024-04-14 10:18:47,188 basehttp 10680 20380 "GET /static/admin/img/icon-deletelink.svg HTTP/1.1" 200 392
INFO 2024-04-14 10:18:52,169 basehttp 10680 11212 "GET /admin/myapp/order/ HTTP/1.1" 200 12490
INFO 2024-04-14 10:18:52,239 basehttp 10680 11212 "GET /admin/jsi18n/ HTTP/1.1" 200 3342
INFO 2024-04-14 10:19:39,838 basehttp 10680 13192 "GET /admin/myapp/order/ HTTP/1.1" 200 12490
INFO 2024-04-14 10:19:39,884 basehttp 10680 13192 "GET /admin/jsi18n/ HTTP/1.1" 200 3342
INFO 2024-04-14 10:21:56,028 autoreload 10680 11448 C:\Users\77017\PycharmProjects\django-project\myproject\myapp\models.py changed, reloading.
INFO 2024-04-14 10:21:56,774 autoreload 18488 11296 Watching for file changes with StatReloader
INFO 2024-04-14 10:22:00,520 basehttp 18488 12412 "GET /admin/myapp/order/ HTTP/1.1" 200 12618
INFO 2024-04-14 10:22:00,561 basehttp 18488 12412 "GET /admin/jsi18n/ HTTP/1.1" 200 3342
INFO 2024-04-14 10:28:31,232 autoreload 18488 11296 C:\Users\77017\PycharmProjects\django-project\myproject\myapp\models.py changed, reloading.
INFO 2024-04-14 10:28:32,001 autoreload 6612 14136 Watching for file changes with StatReloader
INFO 2024-04-14 10:28:37,092 basehttp 6612 2084 "GET /admin/myapp/order/ HTTP/1.1" 200 12455
INFO 2024-04-14 10:28:37,138 basehttp 6612 2084 "GET /admin/jsi18n/ HTTP/1.1" 200 3342
INFO 2024-04-14 10:31:36,961 autoreload 6612 14136 C:\Users\77017\PycharmProjects\django-project\myproject\myapp\models.py changed, reloading.
INFO 2024-04-14 10:31:37,649 autoreload 10892 14896 Watching for file changes with StatReloader
INFO 2024-04-14 10:31:42,055 basehttp 10892 20444 "GET /admin/myapp/order/ HTTP/1.1" 200 12048
INFO 2024-04-14 10:31:42,113 basehttp 10892 20444 "GET /admin/jsi18n/ HTTP/1.1" 200 3342
INFO 2024-04-14 10:33:38,319 autoreload 10892 14896 C:\Users\77017\PycharmProjects\django-project\myproject\myapp\models.py changed, reloading.
INFO 2024-04-14 10:33:39,036 autoreload 8820 6792 Watching for file changes with StatReloader
INFO 2024-04-14 10:33:42,815 basehttp 8820 19668 "GET /admin/myapp/order/ HTTP/1.1" 200 12069
INFO 2024-04-14 10:33:42,865 basehttp 8820 19668 "GET /admin/jsi18n/ HTTP/1.1" 200 3342
INFO 2024-04-14 10:36:41,045 autoreload 8820 6792 C:\Users\77017\PycharmProjects\django-project\myproject\myapp\admin.py changed, reloading.
INFO 2024-04-14 10:36:41,900 autoreload 4848 17672 Watching for file changes with StatReloader
INFO 2024-04-17 08:24:40,136 autoreload 9416 8644 Watching for file changes with StatReloader
INFO 2024-04-17 08:24:42,666 basehttp 9416 14076 "GET / HTTP/1.1" 200 2494
INFO 2024-04-17 08:24:48,570 basehttp 9416 14076 "GET /add_product HTTP/1.1" 200 4339
INFO 2024-04-17 08:25:29,689 views 9416 6320     
INFO 2024-04-17 08:25:29,702 basehttp 9416 6320 "POST /add_product HTTP/1.1" 200 4537
INFO 2024-04-17 08:25:30,138 basehttp 9416 6320 "GET /media/images/sirok.jpeg HTTP/1.1" 200 5739
INFO 2024-04-17 08:27:16,427 basehttp 9416 7056 "GET / HTTP/1.1" 200 2494
INFO 2024-04-17 08:27:24,441 basehttp 9416 7056 "GET /add_product HTTP/1.1" 200 4339
INFO 2024-04-17 08:27:27,622 basehttp 9416 10732 "GET /admin/ HTTP/1.1" 200 10177
INFO 2024-04-17 08:27:27,738 basehttp 9416 25224 "GET /static/admin/css/dark_mode.css HTTP/1.1" 304 0
INFO 2024-04-17 08:27:27,739 basehttp 9416 10732 "GET /static/admin/css/base.css HTTP/1.1" 304 0
INFO 2024-04-17 08:27:27,739 basehttp 9416 11528 "GET /static/admin/css/nav_sidebar.css HTTP/1.1" 304 0
INFO 2024-04-17 08:27:27,763 basehttp 9416 11528 "GET /static/admin/css/dashboard.css HTTP/1.1" 304 0
INFO 2024-04-17 08:27:27,767 basehttp 9416 10732 "GET /static/admin/css/responsive.css HTTP/1.1" 304 0
INFO 2024-04-17 08:27:27,768 basehttp 9416 25224 "GET /static/admin/js/theme.js HTTP/1.1" 304 0
INFO 2024-04-17 08:27:27,777 basehttp 9416 25224 "GET /static/admin/js/nav_sidebar.js HTTP/1.1" 304 0
INFO 2024-04-17 08:27:27,807 basehttp 9416 10732 "GET /static/admin/img/icon-changelink.svg HTTP/1.1" 304 0
INFO 2024-04-17 08:27:27,808 basehttp 9416 25224 "GET /static/admin/img/icon-addlink.svg HTTP/1.1" 304 0
INFO 2024-04-17 08:27:27,809 basehttp 9416 11528 "GET /static/admin/img/icon-deletelink.svg HTTP/1.1" 304 0
INFO 2024-04-17 08:27:32,894 basehttp 9416 11528 "GET /admin/myapp/product/ HTTP/1.1" 200 13151
INFO 2024-04-17 08:27:32,967 basehttp 9416 10732 "GET /static/admin/js/vendor/jquery/jquery.js HTTP/1.1" 304 0
INFO 2024-04-17 08:27:32,969 basehttp 9416 19104 "GET /static/admin/js/jquery.init.js HTTP/1.1" 304 0
INFO 2024-04-17 08:27:32,969 basehttp 9416 15612 "GET /static/admin/js/core.js HTTP/1.1" 304 0
INFO 2024-04-17 08:27:32,969 basehttp 9416 11528 "GET /static/admin/css/changelists.css HTTP/1.1" 304 0
INFO 2024-04-17 08:27:32,970 basehttp 9416 6124 "GET /static/admin/js/prepopulate.js HTTP/1.1" 304 0
INFO 2024-04-17 08:27:32,975 basehttp 9416 19104 "GET /static/admin/js/admin/RelatedObjectLookups.js HTTP/1.1" 304 0
INFO 2024-04-17 08:27:32,975 basehttp 9416 10732 "GET /static/admin/js/vendor/xregexp/xregexp.js HTTP/1.1" 304 0
INFO 2024-04-17 08:27:32,988 basehttp 9416 25224 "GET /admin/jsi18n/ HTTP/1.1" 200 3342
INFO 2024-04-17 08:27:33,023 basehttp 9416 11528 "GET /static/admin/js/actions.js HTTP/1.1" 304 0
INFO 2024-04-17 08:27:33,023 basehttp 9416 15612 "GET /static/admin/js/urlify.js HTTP/1.1" 304 0
INFO 2024-04-17 08:27:33,088 basehttp 9416 15612 "GET /static/admin/img/search.svg HTTP/1.1" 304 0
INFO 2024-04-17 08:27:33,100 basehttp 9416 15612 "GET /static/admin/js/filters.js HTTP/1.1" 304 0
INFO 2024-04-17 08:27:33,101 basehttp 9416 11528 "GET /media/images/sirok.jpeg HTTP/1.1" 304 0
INFO 2024-04-17 08:27:33,117 basehttp 9416 15612 "GET /media/images/kefir_IMfcNnx.jpeg HTTP/1.1" 304 0
INFO 2024-04-17 08:27:33,119 basehttp 9416 10732 "GET /static/admin/img/sorting-icons.svg HTTP/1.1" 304 0
INFO 2024-04-17 08:27:33,119 basehttp 9416 25224 "GET /static/admin/img/tooltag-add.svg HTTP/1.1" 304 0
WARNING 2024-04-17 08:27:33,209 log 9416 11528 Not Found: /media/no_image
WARNING 2024-04-17 08:27:33,211 basehttp 9416 11528 "GET /media/no_image HTTP/1.1" 404 3248
INFO 2024-04-17 08:28:02,332 basehttp 9416 26420 "GET /admin/myapp/order/ HTTP/1.1" 200 12069
INFO 2024-04-17 08:28:02,370 basehttp 9416 26420 "GET /admin/jsi18n/ HTTP/1.1" 200 3342
INFO 2024-04-17 08:28:08,263 basehttp 9416 25060 "GET /admin/myapp/client/ HTTP/1.1" 200 9548
INFO 2024-04-17 08:28:08,297 basehttp 9416 25060 "GET /admin/jsi18n/ HTTP/1.1" 200 3342
INFO 2024-04-17 08:28:14,620 basehttp 9416 25060 "GET /admin/myapp/order/ HTTP/1.1" 200 12069
INFO 2024-04-17 08:28:14,656 basehttp 9416 25060 "GET /admin/jsi18n/ HTTP/1.1" 200 3342
INFO 2024-04-17 08:35:24,770 basehttp 9416 10968 "GET /admin/myapp/client/ HTTP/1.1" 200 9548
INFO 2024-04-17 08:35:24,877 basehttp 9416 10968 "GET /admin/jsi18n/ HTTP/1.1" 200 3342
INFO 2024-04-17 08:35:26,995 basehttp 9416 10968 "GET /admin/myapp/client/2/change/ HTTP/1.1" 200 10925
INFO 2024-04-17 08:35:27,048 basehttp 9416 10968 "GET /static/admin/css/forms.css HTTP/1.1" 304 0
INFO 2024-04-17 08:35:27,055 basehttp 9416 10632 "GET /static/admin/js/prepopulate_init.js HTTP/1.1" 304 0
INFO 2024-04-17 08:35:27,061 basehttp 9416 6668 "GET /admin/jsi18n/ HTTP/1.1" 200 3342
INFO 2024-04-17 08:35:27,067 basehttp 9416 10632 "GET /static/admin/css/widgets.css HTTP/1.1" 304 0
INFO 2024-04-17 08:35:27,075 basehttp 9416 6668 "GET /static/admin/js/change_form.js HTTP/1.1" 304 0
INFO 2024-04-17 08:35:33,644 basehttp 9416 6428 "GET /admin/myapp/order/ HTTP/1.1" 200 12069
INFO 2024-04-17 08:35:33,692 basehttp 9416 6428 "GET /admin/jsi18n/ HTTP/1.1" 200 3342
INFO 2024-04-17 08:36:07,286 basehttp 9416 23476 "GET /admin/myapp/product/ HTTP/1.1" 200 13151
INFO 2024-04-17 08:36:07,344 basehttp 9416 23476 "GET /admin/jsi18n/ HTTP/1.1" 200 3342
INFO 2024-04-17 08:36:07,345 basehttp 9416 26224 "GET /media/images/sirok.jpeg HTTP/1.1" 304 0
WARNING 2024-04-17 08:36:07,379 log 9416 26224 Not Found: /media/no_image
WARNING 2024-04-17 08:36:07,380 basehttp 9416 26224 "GET /media/no_image HTTP/1.1" 404 3248
INFO 2024-04-17 08:36:12,438 basehttp 9416 6324 "GET /admin/myapp/client/ HTTP/1.1" 200 9548
INFO 2024-04-17 08:36:12,475 basehttp 9416 6324 "GET /admin/jsi18n/ HTTP/1.1" 200 3342
INFO 2024-04-17 08:36:14,421 basehttp 9416 6324 "GET /admin/auth/user/ HTTP/1.1" 200 11832
INFO 2024-04-17 08:36:14,466 basehttp 9416 23292 "GET /static/admin/img/icon-yes.svg HTTP/1.1" 304 0
INFO 2024-04-17 08:36:14,467 basehttp 9416 6324 "GET /admin/jsi18n/ HTTP/1.1" 200 3342
INFO 2024-04-17 08:36:14,494 basehttp 9416 6324 "GET /static/admin/img/icon-viewlink.svg HTTP/1.1" 304 0
INFO 2024-04-17 08:36:18,058 basehttp 9416 6324 "GET /admin/auth/group/ HTTP/1.1" 200 8330
INFO 2024-04-17 08:36:18,092 basehttp 9416 6324 "GET /admin/jsi18n/ HTTP/1.1" 200 3342
INFO 2024-04-19 11:46:30,795 autoreload 9828 12096 Watching for file changes with StatReloader
INFO 2024-04-19 11:46:38,027 basehttp 9828 18912 "GET / HTTP/1.1" 200 2494
INFO 2024-04-19 11:46:43,392 basehttp 9828 18912 "GET /add_product HTTP/1.1" 200 4339
INFO 2024-04-19 11:48:36,556 autoreload 9828 12096 C:\Users\77017\PycharmProjects\django-project\myproject\myproject\settings.py changed, reloading.
INFO 2024-04-19 11:48:37,588 autoreload 16996 13712 Watching for file changes with StatReloader
INFO 2024-04-19 11:48:57,992 autoreload 16996 13712 C:\Users\77017\PycharmProjects\django-project\myproject\myproject\settings.py changed, reloading.
INFO 2024-04-19 11:48:58,595 autoreload 4908 12044 Watching for file changes with StatReloader
